# JRE version: OpenJDK Runtime Environment (21.0.3) (build 21.0.3+-12282718-b509.11)
# Java VM: OpenJDK 64-Bit Server VM (21.0.3+-12282718-b509.11, mixed mode, tiered, compressed oops, compressed class ptrs, g1 gc, windows-amd64)
GC Precious Log:
 CardTable entry size: 512
 Card Set container configuration: InlinePtr #cards 5 size 8 Array Of Cards #cards 12 size 40 Howl #buckets 4 coarsen threshold 1843 Howl Bitmap #cards 512 size 80 coarsen threshold 460 Card regions per heap region 1 cards per card region 2048
 CPUs: 8 total, 8 available
 Memory: 7914M
 Large Page Support: Disabled
 NUMA Support: Disabled
 Compressed Oops: Enabled (32-bit)
 Heap Region Size: 1M
 Heap Min Capacity: 8M
 Heap Initial Capacity: 124M
 Heap Max Capacity: 2G
 Pre-touch: Disabled
 Parallel Workers: 8
 Concurrent Workers: 2
 Concurrent Refinement Workers: 8
 Periodic GC: Disabled
Heap:
 garbage-first heap   total 378880K, used 233433K [0x0000000080000000, 0x0000000100000000)
  region size 1024K, 36 young (36864K), 14 survivors (14336K)
 Metaspace       used 193422K, committed 196032K, reserved 1245184K
  class space    used 24736K, committed 26048K, reserved 1048576K
GC Heap History (20 events):
Event: 30.657 GC heap before
{Heap before GC invocations=53 (full 0):
 garbage-first heap   total 363520K, used 335090K [0x0000000080000000, 0x0000000100000000)
  region size 1024K, 132 young (135168K), 4 survivors (4096K)
 Metaspace       used 172687K, committed 175232K, reserved 1245184K
  class space    used 22232K, committed 23488K, reserved 1048576K
}
Event: 30.665 GC heap after
{Heap after GC invocations=54 (full 0):
 garbage-first heap   total 363520K, used 205638K [0x0000000080000000, 0x0000000100000000)
  region size 1024K, 12 young (12288K), 12 survivors (12288K)
 Metaspace       used 172687K, committed 175232K, reserved 1245184K
  class space    used 22232K, committed 23488K, reserved 1048576K
}
Event: 32.206 GC heap before
{Heap before GC invocations=54 (full 0):
 garbage-first heap   total 363520K, used 328518K [0x0000000080000000, 0x0000000100000000)
  region size 1024K, 132 young (135168K), 12 survivors (12288K)
 Metaspace       used 173642K, committed 176192K, reserved 1245184K
  class space    used 22363K, committed 23616K, reserved 1048576K
}
Event: 32.222 GC heap after
{Heap after GC invocations=55 (full 0):
 garbage-first heap   total 363520K, used 205817K [0x0000000080000000, 0x0000000100000000)
  region size 1024K, 7 young (7168K), 7 survivors (7168K)
 Metaspace       used 173642K, committed 176192K, reserved 1245184K
  class space    used 22363K, committed 23616K, reserved 1048576K
}
Event: 33.887 GC heap before
{Heap before GC invocations=55 (full 0):
 garbage-first heap   total 363520K, used 330745K [0x0000000080000000, 0x0000000100000000)
  region size 1024K, 129 young (132096K), 7 survivors (7168K)
 Metaspace       used 173644K, committed 176192K, reserved 1245184K
  class space    used 22363K, committed 23616K, reserved 1048576K
}
Event: 33.899 GC heap after
{Heap after GC invocations=56 (full 0):
 garbage-first heap   total 363520K, used 210642K [0x0000000080000000, 0x0000000100000000)
  region size 1024K, 12 young (12288K), 12 survivors (12288K)
 Metaspace       used 173644K, committed 176192K, reserved 1245184K
  class space    used 22363K, committed 23616K, reserved 1048576K
}
Event: 34.757 GC heap before
{Heap before GC invocations=57 (full 0):
 garbage-first heap   total 378880K, used 330450K [0x0000000080000000, 0x0000000100000000)
  region size 1024K, 130 young (133120K), 12 survivors (12288K)
 Metaspace       used 173644K, committed 176192K, reserved 1245184K
  class space    used 22363K, committed 23616K, reserved 1048576K
}
Event: 34.768 GC heap after
{Heap after GC invocations=58 (full 0):
 garbage-first heap   total 378880K, used 214353K [0x0000000080000000, 0x0000000100000000)
  region size 1024K, 12 young (12288K), 12 survivors (12288K)
 Metaspace       used 173644K, committed 176192K, reserved 1245184K
  class space    used 22363K, committed 23616K, reserved 1048576K
}
Event: 35.504 GC heap before
{Heap before GC invocations=58 (full 0):
 garbage-first heap   total 378880K, used 345425K [0x0000000080000000, 0x0000000100000000)
  region size 1024K, 140 young (143360K), 12 survivors (12288K)
 Metaspace       used 173644K, committed 176192K, reserved 1245184K
  class space    used 22363K, committed 23616K, reserved 1048576K
}
Event: 35.518 GC heap after
{Heap after GC invocations=59 (full 0):
 garbage-first heap   total 378880K, used 202240K [0x0000000080000000, 0x0000000100000000)
  region size 1024K, 12 young (12288K), 12 survivors (12288K)
 Metaspace       used 173644K, committed 176192K, reserved 1245184K
  class space    used 22363K, committed 23616K, reserved 1048576K
}
Event: 35.748 GC heap before
{Heap before GC invocations=59 (full 0):
 garbage-first heap   total 378880K, used 220672K [0x0000000080000000, 0x0000000100000000)
  region size 1024K, 32 young (32768K), 12 survivors (12288K)
 Metaspace       used 173981K, committed 176576K, reserved 1245184K
  class space    used 22406K, committed 23680K, reserved 1048576K
}
Event: 35.757 GC heap after
{Heap after GC invocations=60 (full 0):
 garbage-first heap   total 378880K, used 204033K [0x0000000080000000, 0x0000000100000000)
  region size 1024K, 9 young (9216K), 9 survivors (9216K)
 Metaspace       used 173981K, committed 176576K, reserved 1245184K
  class space    used 22406K, committed 23680K, reserved 1048576K
}
Event: 37.888 GC heap before
{Heap before GC invocations=61 (full 0):
 garbage-first heap   total 378880K, used 346369K [0x0000000080000000, 0x0000000100000000)
  region size 1024K, 139 young (142336K), 9 survivors (9216K)
 Metaspace       used 186689K, committed 189312K, reserved 1245184K
  class space    used 24086K, committed 25408K, reserved 1048576K
}
Event: 37.900 GC heap after
{Heap after GC invocations=62 (full 0):
 garbage-first heap   total 378880K, used 207618K [0x0000000080000000, 0x0000000100000000)
  region size 1024K, 12 young (12288K), 12 survivors (12288K)
 Metaspace       used 186689K, committed 189312K, reserved 1245184K
  class space    used 24086K, committed 25408K, reserved 1048576K
}
Event: 38.785 GC heap before
{Heap before GC invocations=62 (full 0):
 garbage-first heap   total 378880K, used 344834K [0x0000000080000000, 0x0000000100000000)
  region size 1024K, 144 young (147456K), 12 survivors (12288K)
 Metaspace       used 187861K, committed 190528K, reserved 1245184K
  class space    used 24229K, committed 25536K, reserved 1048576K
}
Event: 38.807 GC heap after
{Heap after GC invocations=63 (full 0):
 garbage-first heap   total 378880K, used 208800K [0x0000000080000000, 0x0000000100000000)
  region size 1024K, 12 young (12288K), 12 survivors (12288K)
 Metaspace       used 187861K, committed 190528K, reserved 1245184K
  class space    used 24229K, committed 25536K, reserved 1048576K
}
Event: 39.921 GC heap before
{Heap before GC invocations=63 (full 0):
 garbage-first heap   total 378880K, used 346016K [0x0000000080000000, 0x0000000100000000)
  region size 1024K, 146 young (149504K), 12 survivors (12288K)
 Metaspace       used 187867K, committed 190528K, reserved 1245184K
  class space    used 24229K, committed 25536K, reserved 1048576K
}
Event: 39.931 GC heap after
{Heap after GC invocations=64 (full 0):
 garbage-first heap   total 378880K, used 209399K [0x0000000080000000, 0x0000000100000000)
  region size 1024K, 10 young (10240K), 10 survivors (10240K)
 Metaspace       used 187867K, committed 190528K, reserved 1245184K
  class space    used 24229K, committed 25536K, reserved 1048576K
}
Event: 45.389 GC heap before
{Heap before GC invocations=65 (full 0):
 garbage-first heap   total 378880K, used 352759K [0x0000000080000000, 0x0000000100000000)
  region size 1024K, 146 young (149504K), 10 survivors (10240K)
 Metaspace       used 192388K, committed 195008K, reserved 1245184K
  class space    used 24611K, committed 25920K, reserved 1048576K
}
Event: 45.419 GC heap after
{Heap after GC invocations=66 (full 0):
 garbage-first heap   total 378880K, used 211929K [0x0000000080000000, 0x0000000100000000)
  region size 1024K, 14 young (14336K), 14 survivors (14336K)
 Metaspace       used 192388K, committed 195008K, reserved 1245184K
  class space    used 24611K, committed 25920K, reserved 1048576K
}

