# JRE version: OpenJDK Runtime Environment (21.0.3) (build 21.0.3+-12282718-b509.11)
# Java VM: OpenJDK 64-Bit Server VM (21.0.3+-12282718-b509.11, mixed mode, tiered, compressed oops, compressed class ptrs, g1 gc, windows-amd64)
GC Precious Log:
 CardTable entry size: 512
 Card Set container configuration: InlinePtr #cards 5 size 8 Array Of Cards #cards 12 size 40 Howl #buckets 4 coarsen threshold 1843 Howl Bitmap #cards 512 size 80 coarsen threshold 460 Card regions per heap region 1 cards per card region 2048
 CPUs: 8 total, 8 available
 Memory: 7914M
 Large Page Support: Disabled
 NUMA Support: Disabled
 Compressed Oops: Enabled (32-bit)
 Heap Region Size: 1M
 Heap Min Capacity: 8M
 Heap Initial Capacity: 124M
 Heap Max Capacity: 2G
 Pre-touch: Disabled
 Parallel Workers: 8
 Concurrent Workers: 2
 Concurrent Refinement Workers: 8
 Periodic GC: Disabled
Heap:
 garbage-first heap   total 280576K, used 194768K [0x0000000080000000, 0x0000000100000000)
  region size 1024K, 33 young (33792K), 5 survivors (5120K)
 Metaspace       used 139076K, committed 141696K, reserved 1179648K
  class space    used 19041K, committed 20352K, reserved 1048576K
GC Heap History (20 events):
Event: 19.449 GC heap before
{Heap before GC invocations=36 (full 0):
 garbage-first heap   total 158720K, used 148801K [0x0000000080000000, 0x0000000100000000)
  region size 1024K, 57 young (58368K), 4 survivors (4096K)
 Metaspace       used 103616K, committed 105728K, reserved 1179648K
  class space    used 14314K, committed 15360K, reserved 1048576K
}
Event: 19.460 GC heap after
{Heap after GC invocations=37 (full 0):
 garbage-first heap   total 190464K, used 90009K [0x0000000080000000, 0x0000000100000000)
  region size 1024K, 6 young (6144K), 6 survivors (6144K)
 Metaspace       used 103616K, committed 105728K, reserved 1179648K
  class space    used 14314K, committed 15360K, reserved 1048576K
}
Event: 104.103 GC heap before
{Heap before GC invocations=37 (full 0):
 garbage-first heap   total 190464K, used 166809K [0x0000000080000000, 0x0000000100000000)
  region size 1024K, 77 young (78848K), 6 survivors (6144K)
 Metaspace       used 106309K, committed 108416K, reserved 1179648K
  class space    used 14672K, committed 15744K, reserved 1048576K
}
Event: 104.180 GC heap after
{Heap after GC invocations=38 (full 0):
 garbage-first heap   total 190464K, used 99602K [0x0000000080000000, 0x0000000100000000)
  region size 1024K, 9 young (9216K), 9 survivors (9216K)
 Metaspace       used 106309K, committed 108416K, reserved 1179648K
  class space    used 14672K, committed 15744K, reserved 1048576K
}
Event: 104.254 GC heap before
{Heap before GC invocations=38 (full 0):
 garbage-first heap   total 190464K, used 102674K [0x0000000080000000, 0x0000000100000000)
  region size 1024K, 10 young (10240K), 9 survivors (9216K)
 Metaspace       used 106309K, committed 108416K, reserved 1179648K
  class space    used 14672K, committed 15744K, reserved 1048576K
}
Event: 104.279 GC heap after
{Heap after GC invocations=39 (full 0):
 garbage-first heap   total 190464K, used 103951K [0x0000000080000000, 0x0000000100000000)
  region size 1024K, 2 young (2048K), 2 survivors (2048K)
 Metaspace       used 106309K, committed 108416K, reserved 1179648K
  class space    used 14672K, committed 15744K, reserved 1048576K
}
Event: 106.316 GC heap before
{Heap before GC invocations=40 (full 0):
 garbage-first heap   total 190464K, used 179727K [0x0000000080000000, 0x0000000100000000)
  region size 1024K, 55 young (56320K), 2 survivors (2048K)
 Metaspace       used 109658K, committed 111936K, reserved 1179648K
  class space    used 15074K, committed 16256K, reserved 1048576K
}
Event: 106.327 GC heap after
{Heap after GC invocations=41 (full 0):
 garbage-first heap   total 193536K, used 131505K [0x0000000080000000, 0x0000000100000000)
  region size 1024K, 7 young (7168K), 7 survivors (7168K)
 Metaspace       used 109658K, committed 111936K, reserved 1179648K
  class space    used 15074K, committed 16256K, reserved 1048576K
}
Event: 106.773 GC heap before
{Heap before GC invocations=41 (full 0):
 garbage-first heap   total 193536K, used 169393K [0x0000000080000000, 0x0000000100000000)
  region size 1024K, 44 young (45056K), 7 survivors (7168K)
 Metaspace       used 111782K, committed 114112K, reserved 1179648K
  class space    used 15395K, committed 16576K, reserved 1048576K
}
Event: 106.783 GC heap after
{Heap after GC invocations=42 (full 0):
 garbage-first heap   total 193536K, used 131987K [0x0000000080000000, 0x0000000100000000)
  region size 1024K, 2 young (2048K), 2 survivors (2048K)
 Metaspace       used 111782K, committed 114112K, reserved 1179648K
  class space    used 15395K, committed 16576K, reserved 1048576K
}
Event: 107.977 GC heap before
{Heap before GC invocations=42 (full 0):
 garbage-first heap   total 193536K, used 171923K [0x0000000080000000, 0x0000000100000000)
  region size 1024K, 41 young (41984K), 2 survivors (2048K)
 Metaspace       used 115646K, committed 117952K, reserved 1179648K
  class space    used 16307K, committed 17472K, reserved 1048576K
}
Event: 107.984 GC heap after
{Heap after GC invocations=43 (full 0):
 garbage-first heap   total 193536K, used 135087K [0x0000000080000000, 0x0000000100000000)
  region size 1024K, 5 young (5120K), 5 survivors (5120K)
 Metaspace       used 115646K, committed 117952K, reserved 1179648K
  class space    used 16307K, committed 17472K, reserved 1048576K
}
Event: 108.992 GC heap before
{Heap before GC invocations=44 (full 0):
 garbage-first heap   total 232448K, used 173999K [0x0000000080000000, 0x0000000100000000)
  region size 1024K, 44 young (45056K), 5 survivors (5120K)
 Metaspace       used 121799K, committed 124160K, reserved 1179648K
  class space    used 17056K, committed 18240K, reserved 1048576K
}
Event: 109.002 GC heap after
{Heap after GC invocations=45 (full 0):
 garbage-first heap   total 232448K, used 136762K [0x0000000080000000, 0x0000000100000000)
  region size 1024K, 2 young (2048K), 2 survivors (2048K)
 Metaspace       used 121799K, committed 124160K, reserved 1179648K
  class space    used 17056K, committed 18240K, reserved 1048576K
}
Event: 110.425 GC heap before
{Heap before GC invocations=45 (full 0):
 garbage-first heap   total 232448K, used 210490K [0x0000000080000000, 0x0000000100000000)
  region size 1024K, 67 young (68608K), 2 survivors (2048K)
 Metaspace       used 126232K, committed 128576K, reserved 1179648K
  class space    used 17611K, committed 18752K, reserved 1048576K
}
Event: 110.443 GC heap after
{Heap after GC invocations=46 (full 0):
 garbage-first heap   total 232448K, used 144190K [0x0000000080000000, 0x0000000100000000)
  region size 1024K, 9 young (9216K), 9 survivors (9216K)
 Metaspace       used 126232K, committed 128576K, reserved 1179648K
  class space    used 17611K, committed 18752K, reserved 1048576K
}
Event: 110.983 GC heap before
{Heap before GC invocations=46 (full 0):
 garbage-first heap   total 232448K, used 203582K [0x0000000080000000, 0x0000000100000000)
  region size 1024K, 67 young (68608K), 9 survivors (9216K)
 Metaspace       used 130205K, committed 132544K, reserved 1179648K
  class space    used 18062K, committed 19200K, reserved 1048576K
}
Event: 110.997 GC heap after
{Heap after GC invocations=47 (full 0):
 garbage-first heap   total 232448K, used 154360K [0x0000000080000000, 0x0000000100000000)
  region size 1024K, 9 young (9216K), 9 survivors (9216K)
 Metaspace       used 130205K, committed 132544K, reserved 1179648K
  class space    used 18062K, committed 19200K, reserved 1048576K
}
Event: 111.733 GC heap before
{Heap before GC invocations=48 (full 0):
 garbage-first heap   total 280576K, used 213752K [0x0000000080000000, 0x0000000100000000)
  region size 1024K, 60 young (61440K), 9 survivors (9216K)
 Metaspace       used 135751K, committed 138112K, reserved 1179648K
  class space    used 18580K, committed 19776K, reserved 1048576K
}
Event: 111.742 GC heap after
{Heap after GC invocations=49 (full 0):
 garbage-first heap   total 280576K, used 167120K [0x0000000080000000, 0x0000000100000000)
  region size 1024K, 5 young (5120K), 5 survivors (5120K)
 Metaspace       used 135751K, committed 138112K, reserved 1179648K
  class space    used 18580K, committed 19776K, reserved 1048576K
}

