# JRE version: OpenJDK Runtime Environment (21.0.3) (build 21.0.3+-12282718-b509.11)
# Java VM: OpenJDK 64-Bit Server VM (21.0.3+-12282718-b509.11, mixed mode, tiered, compressed oops, compressed class ptrs, g1 gc, windows-amd64)
GC Precious Log:
 CardTable entry size: 512
 Card Set container configuration: InlinePtr #cards 5 size 8 Array Of Cards #cards 12 size 40 Howl #buckets 4 coarsen threshold 1843 Howl Bitmap #cards 512 size 80 coarsen threshold 460 Card regions per heap region 1 cards per card region 2048
 CPUs: 8 total, 8 available
 Memory: 7914M
 Large Page Support: Disabled
 NUMA Support: Disabled
 Compressed Oops: Enabled (32-bit)
 Heap Region Size: 1M
 Heap Min Capacity: 8M
 Heap Initial Capacity: 124M
 Heap Max Capacity: 2G
 Pre-touch: Disabled
 Parallel Workers: 8
 Concurrent Workers: 2
 Concurrent Refinement Workers: 8
 Periodic GC: Disabled
Heap:
 garbage-first heap   total 152576K, used 87043K [0x0000000080000000, 0x0000000100000000)
  region size 1024K, 5 young (5120K), 5 survivors (5120K)
 Metaspace       used 73480K, committed 75328K, reserved 1114112K
  class space    used 10080K, committed 11008K, reserved 1048576K
GC Heap History (20 events):
Event: 7.555 GC heap after
{Heap after GC invocations=14 (full 0):
 garbage-first heap   total 83968K, used 51583K [0x0000000080000000, 0x0000000100000000)
  region size 1024K, 3 young (3072K), 3 survivors (3072K)
 Metaspace       used 50944K, committed 52224K, reserved 1114112K
  class space    used 6831K, committed 7488K, reserved 1048576K
}
Event: 7.839 GC heap before
{Heap before GC invocations=14 (full 0):
 garbage-first heap   total 83968K, used 75135K [0x0000000080000000, 0x0000000100000000)
  region size 1024K, 26 young (26624K), 3 survivors (3072K)
 Metaspace       used 53736K, committed 55232K, reserved 1114112K
  class space    used 7321K, committed 8064K, reserved 1048576K
}
Event: 7.843 GC heap after
{Heap after GC invocations=15 (full 0):
 garbage-first heap   total 101376K, used 53146K [0x0000000080000000, 0x0000000100000000)
  region size 1024K, 2 young (2048K), 2 survivors (2048K)
 Metaspace       used 53736K, committed 55232K, reserved 1114112K
  class space    used 7321K, committed 8064K, reserved 1048576K
}
Event: 8.460 GC heap before
{Heap before GC invocations=16 (full 0):
 garbage-first heap   total 101376K, used 96154K [0x0000000080000000, 0x0000000100000000)
  region size 1024K, 37 young (37888K), 2 survivors (2048K)
 Metaspace       used 56128K, committed 57600K, reserved 1114112K
  class space    used 7701K, committed 8448K, reserved 1048576K
}
Event: 8.465 GC heap after
{Heap after GC invocations=17 (full 0):
 garbage-first heap   total 105472K, used 66788K [0x0000000080000000, 0x0000000100000000)
  region size 1024K, 5 young (5120K), 5 survivors (5120K)
 Metaspace       used 56128K, committed 57600K, reserved 1114112K
  class space    used 7701K, committed 8448K, reserved 1048576K
}
Event: 8.799 GC heap before
{Heap before GC invocations=17 (full 0):
 garbage-first heap   total 105472K, used 100580K [0x0000000080000000, 0x0000000100000000)
  region size 1024K, 31 young (31744K), 5 survivors (5120K)
 Metaspace       used 58394K, committed 59904K, reserved 1114112K
  class space    used 7893K, committed 8640K, reserved 1048576K
}
Event: 8.806 GC heap after
{Heap after GC invocations=18 (full 0):
 garbage-first heap   total 111616K, used 75579K [0x0000000080000000, 0x0000000100000000)
  region size 1024K, 3 young (3072K), 3 survivors (3072K)
 Metaspace       used 58394K, committed 59904K, reserved 1114112K
  class space    used 7893K, committed 8640K, reserved 1048576K
}
Event: 9.044 GC heap before
{Heap before GC invocations=18 (full 0):
 garbage-first heap   total 111616K, used 99131K [0x0000000080000000, 0x0000000100000000)
  region size 1024K, 27 young (27648K), 3 survivors (3072K)
 Metaspace       used 60180K, committed 61824K, reserved 1114112K
  class space    used 8160K, committed 8960K, reserved 1048576K
}
Event: 9.047 GC heap after
{Heap after GC invocations=19 (full 0):
 garbage-first heap   total 111616K, used 77305K [0x0000000080000000, 0x0000000100000000)
  region size 1024K, 4 young (4096K), 4 survivors (4096K)
 Metaspace       used 60180K, committed 61824K, reserved 1114112K
  class space    used 8160K, committed 8960K, reserved 1048576K
}
Event: 9.285 GC heap before
{Heap before GC invocations=20 (full 0):
 garbage-first heap   total 135168K, used 97785K [0x0000000080000000, 0x0000000100000000)
  region size 1024K, 25 young (25600K), 4 survivors (4096K)
 Metaspace       used 63143K, committed 64768K, reserved 1114112K
  class space    used 8556K, committed 9344K, reserved 1048576K
}
Event: 9.288 GC heap after
{Heap after GC invocations=21 (full 0):
 garbage-first heap   total 135168K, used 77156K [0x0000000080000000, 0x0000000100000000)
  region size 1024K, 2 young (2048K), 2 survivors (2048K)
 Metaspace       used 63143K, committed 64768K, reserved 1114112K
  class space    used 8556K, committed 9344K, reserved 1048576K
}
Event: 9.874 GC heap before
{Heap before GC invocations=21 (full 0):
 garbage-first heap   total 135168K, used 122212K [0x0000000080000000, 0x0000000100000000)
  region size 1024K, 47 young (48128K), 2 survivors (2048K)
 Metaspace       used 68665K, committed 70400K, reserved 1114112K
  class space    used 9444K, committed 10304K, reserved 1048576K
}
Event: 9.879 GC heap after
{Heap after GC invocations=22 (full 0):
 garbage-first heap   total 135168K, used 79483K [0x0000000080000000, 0x0000000100000000)
  region size 1024K, 5 young (5120K), 5 survivors (5120K)
 Metaspace       used 68665K, committed 70400K, reserved 1114112K
  class space    used 9444K, committed 10304K, reserved 1048576K
}
Event: 10.775 GC heap before
{Heap before GC invocations=22 (full 0):
 garbage-first heap   total 135168K, used 120443K [0x0000000080000000, 0x0000000100000000)
  region size 1024K, 46 young (47104K), 5 survivors (5120K)
 Metaspace       used 72015K, committed 73792K, reserved 1114112K
  class space    used 9928K, committed 10816K, reserved 1048576K
}
Event: 10.784 GC heap after
{Heap after GC invocations=23 (full 0):
 garbage-first heap   total 135168K, used 83551K [0x0000000080000000, 0x0000000100000000)
  region size 1024K, 6 young (6144K), 6 survivors (6144K)
 Metaspace       used 72015K, committed 73792K, reserved 1114112K
  class space    used 9928K, committed 10816K, reserved 1048576K
}
Event: 11.069 GC heap before
{Heap before GC invocations=24 (full 0):
 garbage-first heap   total 152576K, used 119391K [0x0000000080000000, 0x0000000100000000)
  region size 1024K, 42 young (43008K), 6 survivors (6144K)
 Metaspace       used 72256K, committed 74048K, reserved 1114112K
  class space    used 9928K, committed 10816K, reserved 1048576K
}
Event: 11.078 GC heap after
{Heap after GC invocations=25 (full 0):
 garbage-first heap   total 152576K, used 86156K [0x0000000080000000, 0x0000000100000000)
  region size 1024K, 4 young (4096K), 4 survivors (4096K)
 Metaspace       used 72256K, committed 74048K, reserved 1114112K
  class space    used 9928K, committed 10816K, reserved 1048576K
}
Event: 11.381 GC heap before
{Heap before GC invocations=25 (full 0):
 garbage-first heap   total 152576K, used 137356K [0x0000000080000000, 0x0000000100000000)
  region size 1024K, 55 young (56320K), 4 survivors (4096K)
 Metaspace       used 72427K, committed 74176K, reserved 1114112K
  class space    used 9928K, committed 10816K, reserved 1048576K
}
Event: 11.387 GC heap after
{Heap after GC invocations=26 (full 0):
 garbage-first heap   total 152576K, used 85481K [0x0000000080000000, 0x0000000100000000)
  region size 1024K, 5 young (5120K), 5 survivors (5120K)
 Metaspace       used 72427K, committed 74176K, reserved 1114112K
  class space    used 9928K, committed 10816K, reserved 1048576K
}
Event: 11.806 GC heap before
{Heap before GC invocations=26 (full 0):
 garbage-first heap   total 152576K, used 136681K [0x0000000080000000, 0x0000000100000000)
  region size 1024K, 56 young (57344K), 5 survivors (5120K)
 Metaspace       used 73480K, committed 75328K, reserved 1114112K
  class space    used 10080K, committed 11008K, reserved 1048576K
}

