# JRE version: OpenJDK Runtime Environment (21.0.3) (build 21.0.3+-12282718-b509.11)
# Java VM: OpenJDK 64-Bit Server VM (21.0.3+-12282718-b509.11, mixed mode, tiered, compressed oops, compressed class ptrs, g1 gc, windows-amd64)
GC Precious Log:
 CardTable entry size: 512
 Card Set container configuration: InlinePtr #cards 5 size 8 Array Of Cards #cards 12 size 40 Howl #buckets 4 coarsen threshold 1843 Howl Bitmap #cards 512 size 80 coarsen threshold 460 Card regions per heap region 1 cards per card region 2048
 CPUs: 8 total, 8 available
 Memory: 7914M
 Large Page Support: Disabled
 NUMA Support: Disabled
 Compressed Oops: Enabled (32-bit)
 Heap Region Size: 1M
 Heap Min Capacity: 8M
 Heap Initial Capacity: 124M
 Heap Max Capacity: 2G
 Pre-touch: Disabled
 Parallel Workers: 8
 Concurrent Workers: 2
 Concurrent Refinement Workers: 8
 Periodic GC: Disabled
Heap:
 garbage-first heap   total 502784K, used 314869K [0x0000000080000000, 0x0000000100000000)
  region size 1024K, 57 young (58368K), 4 survivors (4096K)
 Metaspace       used 242008K, committed 244288K, reserved 1310720K
  class space    used 30326K, committed 31488K, reserved 1048576K
GC Heap History (20 events):
Event: 4254.174 GC heap before
{Heap before GC invocations=108 (full 0):
 garbage-first heap   total 430080K, used 391604K [0x0000000080000000, 0x0000000100000000)
  region size 1024K, 159 young (162816K), 14 survivors (14336K)
 Metaspace       used 224599K, committed 226688K, reserved 1310720K
  class space    used 28451K, committed 29504K, reserved 1048576K
}
Event: 4254.202 GC heap after
{Heap after GC invocations=109 (full 0):
 garbage-first heap   total 430080K, used 236448K [0x0000000080000000, 0x0000000100000000)
  region size 1024K, 12 young (12288K), 12 survivors (12288K)
 Metaspace       used 224599K, committed 226688K, reserved 1310720K
  class space    used 28451K, committed 29504K, reserved 1048576K
}
Event: 4254.568 GC heap before
{Heap before GC invocations=109 (full 0):
 garbage-first heap   total 430080K, used 254880K [0x0000000080000000, 0x0000000100000000)
  region size 1024K, 32 young (32768K), 12 survivors (12288K)
 Metaspace       used 225254K, committed 227392K, reserved 1310720K
  class space    used 28522K, committed 29568K, reserved 1048576K
}
Event: 4254.585 GC heap after
{Heap after GC invocations=110 (full 0):
 garbage-first heap   total 430080K, used 239038K [0x0000000080000000, 0x0000000100000000)
  region size 1024K, 9 young (9216K), 9 survivors (9216K)
 Metaspace       used 225254K, committed 227392K, reserved 1310720K
  class space    used 28522K, committed 29568K, reserved 1048576K
}
Event: 4261.633 GC heap before
{Heap before GC invocations=111 (full 0):
 garbage-first heap   total 430080K, used 391614K [0x0000000080000000, 0x0000000100000000)
  region size 1024K, 159 young (162816K), 9 survivors (9216K)
 Metaspace       used 238825K, committed 241024K, reserved 1310720K
  class space    used 30166K, committed 31296K, reserved 1048576K
}
Event: 4261.658 GC heap after
{Heap after GC invocations=112 (full 0):
 garbage-first heap   total 430080K, used 248376K [0x0000000080000000, 0x0000000100000000)
  region size 1024K, 20 young (20480K), 20 survivors (20480K)
 Metaspace       used 238825K, committed 241024K, reserved 1310720K
  class space    used 30166K, committed 31296K, reserved 1048576K
}
Event: 4285.461 GC heap before
{Heap before GC invocations=112 (full 0):
 garbage-first heap   total 430080K, used 386616K [0x0000000080000000, 0x0000000100000000)
  region size 1024K, 156 young (159744K), 20 survivors (20480K)
 Metaspace       used 239643K, committed 241792K, reserved 1310720K
  class space    used 30258K, committed 31360K, reserved 1048576K
}
Event: 4285.716 GC heap after
{Heap after GC invocations=113 (full 0):
 garbage-first heap   total 498688K, used 244990K [0x0000000080000000, 0x0000000100000000)
  region size 1024K, 14 young (14336K), 14 survivors (14336K)
 Metaspace       used 239643K, committed 241792K, reserved 1310720K
  class space    used 30258K, committed 31360K, reserved 1048576K
}
Event: 4309.184 GC heap before
{Heap before GC invocations=113 (full 0):
 garbage-first heap   total 498688K, used 317694K [0x0000000080000000, 0x0000000100000000)
  region size 1024K, 86 young (88064K), 14 survivors (14336K)
 Metaspace       used 239795K, committed 242048K, reserved 1310720K
  class space    used 30268K, committed 31424K, reserved 1048576K
}
Event: 4309.371 GC heap after
{Heap after GC invocations=114 (full 0):
 garbage-first heap   total 498688K, used 237033K [0x0000000080000000, 0x0000000100000000)
  region size 1024K, 6 young (6144K), 6 survivors (6144K)
 Metaspace       used 239795K, committed 242048K, reserved 1310720K
  class space    used 30268K, committed 31424K, reserved 1048576K
}
Event: 4314.141 GC heap before
{Heap before GC invocations=115 (full 0):
 garbage-first heap   total 498688K, used 468457K [0x0000000080000000, 0x0000000100000000)
  region size 1024K, 216 young (221184K), 6 survivors (6144K)
 Metaspace       used 240261K, committed 242496K, reserved 1310720K
  class space    used 30270K, committed 31424K, reserved 1048576K
}
Event: 4314.199 GC heap after
{Heap after GC invocations=116 (full 0):
 garbage-first heap   total 502784K, used 272220K [0x0000000080000000, 0x0000000100000000)
  region size 1024K, 27 young (27648K), 27 survivors (27648K)
 Metaspace       used 240261K, committed 242496K, reserved 1310720K
  class space    used 30270K, committed 31424K, reserved 1048576K
}
Event: 4335.332 GC heap before
{Heap before GC invocations=116 (full 0):
 garbage-first heap   total 502784K, used 447324K [0x0000000080000000, 0x0000000100000000)
  region size 1024K, 199 young (203776K), 27 survivors (27648K)
 Metaspace       used 241374K, committed 243712K, reserved 1310720K
  class space    used 30294K, committed 31488K, reserved 1048576K
}
Event: 4335.484 GC heap after
{Heap after GC invocations=117 (full 0):
 garbage-first heap   total 502784K, used 281600K [0x0000000080000000, 0x0000000100000000)
  region size 1024K, 19 young (19456K), 19 survivors (19456K)
 Metaspace       used 241374K, committed 243712K, reserved 1310720K
  class space    used 30294K, committed 31488K, reserved 1048576K
}
Event: 4570.627 GC heap before
{Heap before GC invocations=117 (full 0):
 garbage-first heap   total 502784K, used 454656K [0x0000000080000000, 0x0000000100000000)
  region size 1024K, 189 young (193536K), 19 survivors (19456K)
 Metaspace       used 241610K, committed 243904K, reserved 1310720K
  class space    used 30299K, committed 31488K, reserved 1048576K
}
Event: 4570.872 GC heap after
{Heap after GC invocations=118 (full 0):
 garbage-first heap   total 502784K, used 288667K [0x0000000080000000, 0x0000000100000000)
  region size 1024K, 11 young (11264K), 11 survivors (11264K)
 Metaspace       used 241610K, committed 243904K, reserved 1310720K
  class space    used 30299K, committed 31488K, reserved 1048576K
}
Event: 4572.975 GC heap before
{Heap before GC invocations=118 (full 0):
 garbage-first heap   total 502784K, used 322459K [0x0000000080000000, 0x0000000100000000)
  region size 1024K, 46 young (47104K), 11 survivors (11264K)
 Metaspace       used 241616K, committed 243904K, reserved 1310720K
  class space    used 30300K, committed 31488K, reserved 1048576K
}
Event: 4573.041 GC heap after
{Heap after GC invocations=119 (full 0):
 garbage-first heap   total 502784K, used 290066K [0x0000000080000000, 0x0000000100000000)
  region size 1024K, 13 young (13312K), 13 survivors (13312K)
 Metaspace       used 241616K, committed 243904K, reserved 1310720K
  class space    used 30300K, committed 31488K, reserved 1048576K
}
Event: 5922.100 GC heap before
{Heap before GC invocations=120 (full 0):
 garbage-first heap   total 502784K, used 463122K [0x0000000080000000, 0x0000000100000000)
  region size 1024K, 181 young (185344K), 13 survivors (13312K)
 Metaspace       used 241981K, committed 244224K, reserved 1310720K
  class space    used 30324K, committed 31488K, reserved 1048576K
}
Event: 5922.274 GC heap after
{Heap after GC invocations=121 (full 0):
 garbage-first heap   total 502784K, used 262645K [0x0000000080000000, 0x0000000100000000)
  region size 1024K, 4 young (4096K), 4 survivors (4096K)
 Metaspace       used 241981K, committed 244224K, reserved 1310720K
  class space    used 30324K, committed 31488K, reserved 1048576K
}

