# JRE version: OpenJDK Runtime Environment (21.0.3) (build 21.0.3+-12282718-b509.11)
# Java VM: OpenJDK 64-Bit Server VM (21.0.3+-12282718-b509.11, mixed mode, tiered, compressed oops, compressed class ptrs, g1 gc, windows-amd64)
GC Precious Log:
 CardTable entry size: 512
 Card Set container configuration: InlinePtr #cards 5 size 8 Array Of Cards #cards 12 size 40 Howl #buckets 4 coarsen threshold 1843 Howl Bitmap #cards 512 size 80 coarsen threshold 460 Card regions per heap region 1 cards per card region 2048
 CPUs: 8 total, 8 available
 Memory: 7914M
 Large Page Support: Disabled
 NUMA Support: Disabled
 Compressed Oops: Enabled (32-bit)
 Heap Region Size: 1M
 Heap Min Capacity: 8M
 Heap Initial Capacity: 124M
 Heap Max Capacity: 2G
 Pre-touch: Disabled
 Parallel Workers: 8
 Concurrent Workers: 2
 Concurrent Refinement Workers: 8
 Periodic GC: Disabled
Heap:
 garbage-first heap   total 268288K, used 155648K [0x0000000080000000, 0x0000000100000000)
  region size 1024K, 12 young (12288K), 12 survivors (12288K)
 Metaspace       used 109933K, committed 112000K, reserved 1179648K
  class space    used 15370K, committed 16384K, reserved 1048576K
GC Heap History (20 events):
Event: 11.793 GC heap after
{Heap after GC invocations=27 (full 0):
 garbage-first heap   total 159744K, used 81404K [0x0000000080000000, 0x0000000100000000)
  region size 1024K, 7 young (7168K), 7 survivors (7168K)
 Metaspace       used 97318K, committed 99392K, reserved 1179648K
  class space    used 13471K, committed 14528K, reserved 1048576K
}
Event: 12.647 GC heap before
{Heap before GC invocations=28 (full 0):
 garbage-first heap   total 159744K, used 141820K [0x0000000080000000, 0x0000000100000000)
  region size 1024K, 67 young (68608K), 7 survivors (7168K)
 Metaspace       used 100742K, committed 102784K, reserved 1179648K
  class space    used 14007K, committed 15040K, reserved 1048576K
}
Event: 12.660 GC heap after
{Heap after GC invocations=29 (full 0):
 garbage-first heap   total 159744K, used 88404K [0x0000000080000000, 0x0000000100000000)
  region size 1024K, 9 young (9216K), 9 survivors (9216K)
 Metaspace       used 100742K, committed 102784K, reserved 1179648K
  class space    used 14007K, committed 15040K, reserved 1048576K
}
Event: 12.885 GC heap before
{Heap before GC invocations=29 (full 0):
 garbage-first heap   total 159744K, used 139604K [0x0000000080000000, 0x0000000100000000)
  region size 1024K, 60 young (61440K), 9 survivors (9216K)
 Metaspace       used 101112K, committed 103168K, reserved 1179648K
  class space    used 14084K, committed 15104K, reserved 1048576K
}
Event: 12.895 GC heap after
{Heap after GC invocations=30 (full 0):
 garbage-first heap   total 159744K, used 90413K [0x0000000080000000, 0x0000000100000000)
  region size 1024K, 5 young (5120K), 5 survivors (5120K)
 Metaspace       used 101112K, committed 103168K, reserved 1179648K
  class space    used 14084K, committed 15104K, reserved 1048576K
}
Event: 13.203 GC heap before
{Heap before GC invocations=30 (full 0):
 garbage-first heap   total 159744K, used 142637K [0x0000000080000000, 0x0000000100000000)
  region size 1024K, 57 young (58368K), 5 survivors (5120K)
 Metaspace       used 101345K, committed 103424K, reserved 1179648K
  class space    used 14111K, committed 15168K, reserved 1048576K
}
Event: 13.210 GC heap after
{Heap after GC invocations=31 (full 0):
 garbage-first heap   total 159744K, used 92020K [0x0000000080000000, 0x0000000100000000)
  region size 1024K, 7 young (7168K), 7 survivors (7168K)
 Metaspace       used 101345K, committed 103424K, reserved 1179648K
  class space    used 14111K, committed 15168K, reserved 1048576K
}
Event: 13.665 GC heap before
{Heap before GC invocations=32 (full 0):
 garbage-first heap   total 162816K, used 141172K [0x0000000080000000, 0x0000000100000000)
  region size 1024K, 56 young (57344K), 7 survivors (7168K)
 Metaspace       used 101616K, committed 103616K, reserved 1179648K
  class space    used 14150K, committed 15168K, reserved 1048576K
}
Event: 13.674 GC heap after
{Heap after GC invocations=33 (full 0):
 garbage-first heap   total 162816K, used 94253K [0x0000000080000000, 0x0000000100000000)
  region size 1024K, 5 young (5120K), 5 survivors (5120K)
 Metaspace       used 101616K, committed 103616K, reserved 1179648K
  class space    used 14150K, committed 15168K, reserved 1048576K
}
Event: 14.005 GC heap before
{Heap before GC invocations=33 (full 0):
 garbage-first heap   total 162816K, used 146477K [0x0000000080000000, 0x0000000100000000)
  region size 1024K, 57 young (58368K), 5 survivors (5120K)
 Metaspace       used 101840K, committed 103936K, reserved 1179648K
  class space    used 14191K, committed 15232K, reserved 1048576K
}
Event: 14.013 GC heap after
{Heap after GC invocations=34 (full 0):
 garbage-first heap   total 195584K, used 93388K [0x0000000080000000, 0x0000000100000000)
  region size 1024K, 6 young (6144K), 6 survivors (6144K)
 Metaspace       used 101840K, committed 103936K, reserved 1179648K
  class space    used 14191K, committed 15232K, reserved 1048576K
}
Event: 14.200 GC heap before
{Heap before GC invocations=34 (full 0):
 garbage-first heap   total 195584K, used 175308K [0x0000000080000000, 0x0000000100000000)
  region size 1024K, 85 young (87040K), 6 survivors (6144K)
 Metaspace       used 102798K, committed 104896K, reserved 1179648K
  class space    used 14322K, committed 15360K, reserved 1048576K
}
Event: 14.212 GC heap after
{Heap after GC invocations=35 (full 0):
 garbage-first heap   total 202752K, used 114298K [0x0000000080000000, 0x0000000100000000)
  region size 1024K, 11 young (11264K), 11 survivors (11264K)
 Metaspace       used 102798K, committed 104896K, reserved 1179648K
  class space    used 14322K, committed 15360K, reserved 1048576K
}
Event: 14.822 GC heap before
{Heap before GC invocations=35 (full 0):
 garbage-first heap   total 202752K, used 174714K [0x0000000080000000, 0x0000000100000000)
  region size 1024K, 71 young (72704K), 11 survivors (11264K)
 Metaspace       used 106723K, committed 108800K, reserved 1179648K
  class space    used 14887K, committed 15936K, reserved 1048576K
}
Event: 14.837 GC heap after
{Heap after GC invocations=36 (full 0):
 garbage-first heap   total 202752K, used 120832K [0x0000000080000000, 0x0000000100000000)
  region size 1024K, 9 young (9216K), 9 survivors (9216K)
 Metaspace       used 106723K, committed 108800K, reserved 1179648K
  class space    used 14887K, committed 15936K, reserved 1048576K
}
Event: 15.027 GC heap before
{Heap before GC invocations=36 (full 0):
 garbage-first heap   total 202752K, used 177152K [0x0000000080000000, 0x0000000100000000)
  region size 1024K, 65 young (66560K), 9 survivors (9216K)
 Metaspace       used 107583K, committed 109696K, reserved 1179648K
  class space    used 15011K, committed 16064K, reserved 1048576K
}
Event: 15.045 GC heap after
{Heap after GC invocations=37 (full 0):
 garbage-first heap   total 202752K, used 131038K [0x0000000080000000, 0x0000000100000000)
  region size 1024K, 9 young (9216K), 9 survivors (9216K)
 Metaspace       used 107583K, committed 109696K, reserved 1179648K
  class space    used 15011K, committed 16064K, reserved 1048576K
}
Event: 15.274 GC heap before
{Heap before GC invocations=38 (full 0):
 garbage-first heap   total 268288K, used 179166K [0x0000000080000000, 0x0000000100000000)
  region size 1024K, 56 young (57344K), 9 survivors (9216K)
 Metaspace       used 108482K, committed 110528K, reserved 1179648K
  class space    used 15170K, committed 16192K, reserved 1048576K
}
Event: 15.291 GC heap after
{Heap after GC invocations=39 (full 0):
 garbage-first heap   total 268288K, used 140288K [0x0000000080000000, 0x0000000100000000)
  region size 1024K, 7 young (7168K), 7 survivors (7168K)
 Metaspace       used 108482K, committed 110528K, reserved 1179648K
  class space    used 15170K, committed 16192K, reserved 1048576K
}
Event: 15.584 GC heap before
{Heap before GC invocations=39 (full 0):
 garbage-first heap   total 268288K, used 225280K [0x0000000080000000, 0x0000000100000000)
  region size 1024K, 91 young (93184K), 7 survivors (7168K)
 Metaspace       used 109933K, committed 112000K, reserved 1179648K
  class space    used 15370K, committed 16384K, reserved 1048576K
}

