# JRE version: OpenJDK Runtime Environment (21.0.3) (build 21.0.3+-12282718-b509.11)
# Java VM: OpenJDK 64-Bit Server VM (21.0.3+-12282718-b509.11, mixed mode, tiered, compressed oops, compressed class ptrs, g1 gc, windows-amd64)
GC Precious Log:
 CardTable entry size: 512
 Card Set container configuration: InlinePtr #cards 5 size 8 Array Of Cards #cards 12 size 40 Howl #buckets 4 coarsen threshold 1843 Howl Bitmap #cards 512 size 80 coarsen threshold 460 Card regions per heap region 1 cards per card region 2048
 CPUs: 8 total, 8 available
 Memory: 7914M
 Large Page Support: Disabled
 NUMA Support: Disabled
 Compressed Oops: Enabled (32-bit)
 Heap Region Size: 1M
 Heap Min Capacity: 8M
 Heap Initial Capacity: 124M
 Heap Max Capacity: 2G
 Pre-touch: Disabled
 Parallel Workers: 8
 Concurrent Workers: 2
 Concurrent Refinement Workers: 8
 Periodic GC: Disabled
Heap:
 garbage-first heap   total 153600K, used 102860K [0x0000000080000000, 0x0000000100000000)
  region size 1024K, 6 young (6144K), 6 survivors (6144K)
 Metaspace       used 88006K, committed 89728K, reserved 1179648K
  class space    used 11838K, committed 12672K, reserved 1048576K
GC Heap History (20 events):
Event: 6.823 GC heap after
{Heap after GC invocations=14 (full 0):
 garbage-first heap   total 93184K, used 52827K [0x0000000080000000, 0x0000000100000000)
  region size 1024K, 4 young (4096K), 4 survivors (4096K)
 Metaspace       used 51568K, committed 52928K, reserved 1114112K
  class space    used 6945K, committed 7616K, reserved 1048576K
}
Event: 7.206 GC heap before
{Heap before GC invocations=14 (full 0):
 garbage-first heap   total 93184K, used 80475K [0x0000000080000000, 0x0000000100000000)
  region size 1024K, 31 young (31744K), 4 survivors (4096K)
 Metaspace       used 54833K, committed 56256K, reserved 1114112K
  class space    used 7497K, committed 8192K, reserved 1048576K
}
Event: 7.211 GC heap after
{Heap after GC invocations=15 (full 0):
 garbage-first heap   total 93184K, used 54470K [0x0000000080000000, 0x0000000100000000)
  region size 1024K, 2 young (2048K), 2 survivors (2048K)
 Metaspace       used 54833K, committed 56256K, reserved 1114112K
  class space    used 7497K, committed 8192K, reserved 1048576K
}
Event: 7.647 GC heap before
{Heap before GC invocations=16 (full 0):
 garbage-first heap   total 96256K, used 90310K [0x0000000080000000, 0x0000000100000000)
  region size 1024K, 30 young (30720K), 2 survivors (2048K)
 Metaspace       used 56172K, committed 57664K, reserved 1114112K
  class space    used 7708K, committed 8448K, reserved 1048576K
}
Event: 7.651 GC heap after
{Heap after GC invocations=17 (full 0):
 garbage-first heap   total 119808K, used 68608K [0x0000000080000000, 0x0000000100000000)
  region size 1024K, 4 young (4096K), 4 survivors (4096K)
 Metaspace       used 56172K, committed 57664K, reserved 1114112K
  class space    used 7708K, committed 8448K, reserved 1048576K
}
Event: 7.970 GC heap before
{Heap before GC invocations=17 (full 0):
 garbage-first heap   total 119808K, used 111616K [0x0000000080000000, 0x0000000100000000)
  region size 1024K, 39 young (39936K), 4 survivors (4096K)
 Metaspace       used 58442K, committed 60032K, reserved 1114112K
  class space    used 7896K, committed 8640K, reserved 1048576K
}
Event: 7.974 GC heap after
{Heap after GC invocations=18 (full 0):
 garbage-first heap   total 120832K, used 77040K [0x0000000080000000, 0x0000000100000000)
  region size 1024K, 3 young (3072K), 3 survivors (3072K)
 Metaspace       used 58442K, committed 60032K, reserved 1114112K
  class space    used 7896K, committed 8640K, reserved 1048576K
}
Event: 8.484 GC heap before
{Heap before GC invocations=18 (full 0):
 garbage-first heap   total 120832K, used 108784K [0x0000000080000000, 0x0000000100000000)
  region size 1024K, 34 young (34816K), 3 survivors (3072K)
 Metaspace       used 64143K, committed 65664K, reserved 1114112K
  class space    used 9100K, committed 9856K, reserved 1048576K
}
Event: 8.486 GC heap after
{Heap after GC invocations=19 (full 0):
 garbage-first heap   total 120832K, used 77826K [0x0000000080000000, 0x0000000100000000)
  region size 1024K, 4 young (4096K), 4 survivors (4096K)
 Metaspace       used 64143K, committed 65664K, reserved 1114112K
  class space    used 9100K, committed 9856K, reserved 1048576K
}
Event: 8.898 GC heap before
{Heap before GC invocations=20 (full 0):
 garbage-first heap   total 137216K, used 107522K [0x0000000080000000, 0x0000000100000000)
  region size 1024K, 33 young (33792K), 4 survivors (4096K)
 Metaspace       used 68168K, committed 69696K, reserved 1114112K
  class space    used 9647K, committed 10368K, reserved 1048576K
}
Event: 8.901 GC heap after
{Heap after GC invocations=21 (full 0):
 garbage-first heap   total 137216K, used 78483K [0x0000000080000000, 0x0000000100000000)
  region size 1024K, 2 young (2048K), 2 survivors (2048K)
 Metaspace       used 68168K, committed 69696K, reserved 1114112K
  class space    used 9647K, committed 10368K, reserved 1048576K
}
Event: 9.428 GC heap before
{Heap before GC invocations=21 (full 0):
 garbage-first heap   total 137216K, used 124563K [0x0000000080000000, 0x0000000100000000)
  region size 1024K, 47 young (48128K), 2 survivors (2048K)
 Metaspace       used 75751K, committed 77376K, reserved 1179648K
  class space    used 10560K, committed 11328K, reserved 1048576K
}
Event: 9.432 GC heap after
{Heap after GC invocations=22 (full 0):
 garbage-first heap   total 137216K, used 78826K [0x0000000080000000, 0x0000000100000000)
  region size 1024K, 3 young (3072K), 3 survivors (3072K)
 Metaspace       used 75751K, committed 77376K, reserved 1179648K
  class space    used 10560K, committed 11328K, reserved 1048576K
}
Event: 9.513 GC heap before
{Heap before GC invocations=22 (full 0):
 garbage-first heap   total 137216K, used 84970K [0x0000000080000000, 0x0000000100000000)
  region size 1024K, 10 young (10240K), 3 survivors (3072K)
 Metaspace       used 76920K, committed 78592K, reserved 1179648K
  class space    used 10715K, committed 11520K, reserved 1048576K
}
Event: 9.516 GC heap after
{Heap after GC invocations=23 (full 0):
 garbage-first heap   total 137216K, used 78870K [0x0000000080000000, 0x0000000100000000)
  region size 1024K, 3 young (3072K), 3 survivors (3072K)
 Metaspace       used 76920K, committed 78592K, reserved 1179648K
  class space    used 10715K, committed 11520K, reserved 1048576K
}
Event: 9.889 GC heap before
{Heap before GC invocations=24 (full 0):
 garbage-first heap   total 150528K, used 132118K [0x0000000080000000, 0x0000000100000000)
  region size 1024K, 48 young (49152K), 3 survivors (3072K)
 Metaspace       used 78037K, committed 79680K, reserved 1179648K
  class space    used 10838K, committed 11648K, reserved 1048576K
}
Event: 9.901 GC heap after
{Heap after GC invocations=25 (full 0):
 garbage-first heap   total 150528K, used 89926K [0x0000000080000000, 0x0000000100000000)
  region size 1024K, 6 young (6144K), 6 survivors (6144K)
 Metaspace       used 78037K, committed 79680K, reserved 1179648K
  class space    used 10838K, committed 11648K, reserved 1048576K
}
Event: 10.476 GC heap before
{Heap before GC invocations=25 (full 0):
 garbage-first heap   total 150528K, used 141126K [0x0000000080000000, 0x0000000100000000)
  region size 1024K, 49 young (50176K), 6 survivors (6144K)
 Metaspace       used 83380K, committed 84992K, reserved 1179648K
  class space    used 11431K, committed 12224K, reserved 1048576K
}
Event: 10.485 GC heap after
{Heap after GC invocations=26 (full 0):
 garbage-first heap   total 153600K, used 100495K [0x0000000080000000, 0x0000000100000000)
  region size 1024K, 7 young (7168K), 7 survivors (7168K)
 Metaspace       used 83380K, committed 84992K, reserved 1179648K
  class space    used 11431K, committed 12224K, reserved 1048576K
}
Event: 10.855 GC heap before
{Heap before GC invocations=26 (full 0):
 garbage-first heap   total 153600K, used 137359K [0x0000000080000000, 0x0000000100000000)
  region size 1024K, 43 young (44032K), 7 survivors (7168K)
 Metaspace       used 88006K, committed 89728K, reserved 1179648K
  class space    used 11838K, committed 12672K, reserved 1048576K
}

