# JRE version: OpenJDK Runtime Environment (21.0.3) (build 21.0.3+-12282718-b509.11)
# Java VM: OpenJDK 64-Bit Server VM (21.0.3+-12282718-b509.11, mixed mode, tiered, compressed oops, compressed class ptrs, g1 gc, windows-amd64)
GC Precious Log:
 CardTable entry size: 512
 Card Set container configuration: InlinePtr #cards 5 size 8 Array Of Cards #cards 12 size 40 Howl #buckets 4 coarsen threshold 1843 Howl Bitmap #cards 512 size 80 coarsen threshold 460 Card regions per heap region 1 cards per card region 2048
 CPUs: 8 total, 8 available
 Memory: 7914M
 Large Page Support: Disabled
 NUMA Support: Disabled
 Compressed Oops: Enabled (32-bit)
 Heap Region Size: 1M
 Heap Min Capacity: 8M
 Heap Initial Capacity: 124M
 Heap Max Capacity: 2G
 Pre-touch: Disabled
 Parallel Workers: 8
 Concurrent Workers: 2
 Concurrent Refinement Workers: 8
 Periodic GC: Disabled
Heap:
 garbage-first heap   total 110592K, used 64279K [0x0000000080000000, 0x0000000100000000)
  region size 1024K, 31 young (31744K), 5 survivors (5120K)
 Metaspace       used 62572K, committed 64192K, reserved 1114112K
  class space    used 8654K, committed 9472K, reserved 1048576K
GC Heap History (20 events):
Event: 0.709 GC heap before
{Heap before GC invocations=0 (full 0):
 garbage-first heap   total 126976K, used 26624K [0x0000000080000000, 0x0000000100000000)
  region size 1024K, 23 young (23552K), 0 survivors (0K)
 Metaspace       used 8130K, committed 8320K, reserved 1114112K
  class space    used 738K, committed 832K, reserved 1048576K
}
Event: 0.721 GC heap after
{Heap after GC invocations=1 (full 0):
 garbage-first heap   total 126976K, used 10122K [0x0000000080000000, 0x0000000100000000)
  region size 1024K, 3 young (3072K), 3 survivors (3072K)
 Metaspace       used 8130K, committed 8320K, reserved 1114112K
  class space    used 738K, committed 832K, reserved 1048576K
}
Event: 1.250 GC heap before
{Heap before GC invocations=1 (full 0):
 garbage-first heap   total 126976K, used 38794K [0x0000000080000000, 0x0000000100000000)
  region size 1024K, 32 young (32768K), 3 survivors (3072K)
 Metaspace       used 12028K, committed 12224K, reserved 1114112K
  class space    used 1278K, committed 1408K, reserved 1048576K
}
Event: 1.256 GC heap after
{Heap after GC invocations=2 (full 0):
 garbage-first heap   total 126976K, used 11744K [0x0000000080000000, 0x0000000100000000)
  region size 1024K, 2 young (2048K), 2 survivors (2048K)
 Metaspace       used 12028K, committed 12224K, reserved 1114112K
  class space    used 1278K, committed 1408K, reserved 1048576K
}
Event: 2.153 GC heap before
{Heap before GC invocations=2 (full 0):
 garbage-first heap   total 126976K, used 76256K [0x0000000080000000, 0x0000000100000000)
  region size 1024K, 65 young (66560K), 2 survivors (2048K)
 Metaspace       used 21189K, committed 21504K, reserved 1114112K
  class space    used 2456K, committed 2624K, reserved 1048576K
}
Event: 2.159 GC heap after
{Heap after GC invocations=3 (full 0):
 garbage-first heap   total 126976K, used 20881K [0x0000000080000000, 0x0000000100000000)
  region size 1024K, 10 young (10240K), 10 survivors (10240K)
 Metaspace       used 21189K, committed 21504K, reserved 1114112K
  class space    used 2456K, committed 2624K, reserved 1048576K
}
Event: 3.048 GC heap before
{Heap before GC invocations=4 (full 0):
 garbage-first heap   total 78848K, used 76177K [0x0000000080000000, 0x0000000100000000)
  region size 1024K, 65 young (66560K), 10 survivors (10240K)
 Metaspace       used 30377K, committed 30976K, reserved 1114112K
  class space    used 3941K, committed 4224K, reserved 1048576K
}
Event: 3.055 GC heap after
{Heap after GC invocations=5 (full 0):
 garbage-first heap   total 92160K, used 24021K [0x0000000080000000, 0x0000000100000000)
  region size 1024K, 4 young (4096K), 4 survivors (4096K)
 Metaspace       used 30377K, committed 30976K, reserved 1114112K
  class space    used 3941K, committed 4224K, reserved 1048576K
}
Event: 3.545 GC heap before
{Heap before GC invocations=5 (full 0):
 garbage-first heap   total 92160K, used 59861K [0x0000000080000000, 0x0000000100000000)
  region size 1024K, 40 young (40960K), 4 survivors (4096K)
 Metaspace       used 35345K, committed 36096K, reserved 1114112K
  class space    used 4761K, committed 5120K, reserved 1048576K
}
Event: 3.549 GC heap after
{Heap after GC invocations=6 (full 0):
 garbage-first heap   total 92160K, used 26320K [0x0000000080000000, 0x0000000100000000)
  region size 1024K, 3 young (3072K), 3 survivors (3072K)
 Metaspace       used 35345K, committed 36096K, reserved 1114112K
  class space    used 4761K, committed 5120K, reserved 1048576K
}
Event: 3.571 GC heap before
{Heap before GC invocations=6 (full 0):
 garbage-first heap   total 92160K, used 28368K [0x0000000080000000, 0x0000000100000000)
  region size 1024K, 6 young (6144K), 3 survivors (3072K)
 Metaspace       used 35593K, committed 36416K, reserved 1114112K
  class space    used 4814K, committed 5184K, reserved 1048576K
}
Event: 3.574 GC heap after
{Heap after GC invocations=7 (full 0):
 garbage-first heap   total 92160K, used 26212K [0x0000000080000000, 0x0000000100000000)
  region size 1024K, 3 young (3072K), 3 survivors (3072K)
 Metaspace       used 35593K, committed 36416K, reserved 1114112K
  class space    used 4814K, committed 5184K, reserved 1048576K
}
Event: 4.136 GC heap before
{Heap before GC invocations=8 (full 0):
 garbage-first heap   total 92160K, used 72292K [0x0000000080000000, 0x0000000100000000)
  region size 1024K, 49 young (50176K), 3 survivors (3072K)
 Metaspace       used 44165K, committed 45312K, reserved 1114112K
  class space    used 5968K, committed 6528K, reserved 1048576K
}
Event: 4.141 GC heap after
{Heap after GC invocations=9 (full 0):
 garbage-first heap   total 110592K, used 30177K [0x0000000080000000, 0x0000000100000000)
  region size 1024K, 7 young (7168K), 7 survivors (7168K)
 Metaspace       used 44165K, committed 45312K, reserved 1114112K
  class space    used 5968K, committed 6528K, reserved 1048576K
}
Event: 4.592 GC heap before
{Heap before GC invocations=9 (full 0):
 garbage-first heap   total 110592K, used 87521K [0x0000000080000000, 0x0000000100000000)
  region size 1024K, 64 young (65536K), 7 survivors (7168K)
 Metaspace       used 47441K, committed 48704K, reserved 1114112K
  class space    used 6410K, committed 7040K, reserved 1048576K
}
Event: 4.600 GC heap after
{Heap after GC invocations=10 (full 0):
 garbage-first heap   total 110592K, used 34286K [0x0000000080000000, 0x0000000100000000)
  region size 1024K, 8 young (8192K), 8 survivors (8192K)
 Metaspace       used 47441K, committed 48704K, reserved 1114112K
  class space    used 6410K, committed 7040K, reserved 1048576K
}
Event: 5.271 GC heap before
{Heap before GC invocations=10 (full 0):
 garbage-first heap   total 110592K, used 93678K [0x0000000080000000, 0x0000000100000000)
  region size 1024K, 64 young (65536K), 8 survivors (8192K)
 Metaspace       used 55578K, committed 57024K, reserved 1114112K
  class space    used 7546K, committed 8256K, reserved 1048576K
}
Event: 5.278 GC heap after
{Heap after GC invocations=11 (full 0):
 garbage-first heap   total 110592K, used 36849K [0x0000000080000000, 0x0000000100000000)
  region size 1024K, 7 young (7168K), 7 survivors (7168K)
 Metaspace       used 55578K, committed 57024K, reserved 1114112K
  class space    used 7546K, committed 8256K, reserved 1048576K
}
Event: 5.646 GC heap before
{Heap before GC invocations=11 (full 0):
 garbage-first heap   total 110592K, used 63473K [0x0000000080000000, 0x0000000100000000)
  region size 1024K, 35 young (35840K), 7 survivors (7168K)
 Metaspace       used 59468K, committed 60928K, reserved 1114112K
  class space    used 8121K, committed 8896K, reserved 1048576K
}
Event: 5.651 GC heap after
{Heap after GC invocations=12 (full 0):
 garbage-first heap   total 110592K, used 38679K [0x0000000080000000, 0x0000000100000000)
  region size 1024K, 5 young (5120K), 5 survivors (5120K)
 Metaspace       used 59468K, committed 60928K, reserved 1114112K
  class space    used 8121K, committed 8896K, reserved 1048576K
}

