# JRE version: OpenJDK Runtime Environment (21.0.3) (build 21.0.3+-12282718-b509.11)
# Java VM: OpenJDK 64-Bit Server VM (21.0.3+-12282718-b509.11, mixed mode, tiered, compressed oops, compressed class ptrs, g1 gc, windows-amd64)
GC Precious Log:
 CardTable entry size: 512
 Card Set container configuration: InlinePtr #cards 5 size 8 Array Of Cards #cards 12 size 40 Howl #buckets 4 coarsen threshold 1843 Howl Bitmap #cards 512 size 80 coarsen threshold 460 Card regions per heap region 1 cards per card region 2048
 CPUs: 8 total, 8 available
 Memory: 7914M
 Large Page Support: Disabled
 NUMA Support: Disabled
 Compressed Oops: Enabled (32-bit)
 Heap Region Size: 1M
 Heap Min Capacity: 8M
 Heap Initial Capacity: 124M
 Heap Max Capacity: 2G
 Pre-touch: Disabled
 Parallel Workers: 8
 Concurrent Workers: 2
 Concurrent Refinement Workers: 8
 Periodic GC: Disabled
Heap:
 garbage-first heap   total 128000K, used 74622K [0x0000000080000000, 0x0000000100000000)
  region size 1024K, 5 young (5120K), 5 survivors (5120K)
 Metaspace       used 83417K, committed 85312K, reserved 1179648K
  class space    used 11345K, committed 12288K, reserved 1048576K
GC Heap History (20 events):
Event: 4.901 GC heap after
{Heap after GC invocations=12 (full 0):
 garbage-first heap   total 99328K, used 37763K [0x0000000080000000, 0x0000000100000000)
  region size 1024K, 5 young (5120K), 5 survivors (5120K)
 Metaspace       used 59310K, committed 60736K, reserved 1114112K
  class space    used 8100K, committed 8832K, reserved 1048576K
}
Event: 5.807 GC heap before
{Heap before GC invocations=13 (full 0):
 garbage-first heap   total 99328K, used 86915K [0x0000000080000000, 0x0000000100000000)
  region size 1024K, 53 young (54272K), 5 survivors (5120K)
 Metaspace       used 64720K, committed 66304K, reserved 1114112K
  class space    used 8940K, committed 9728K, reserved 1048576K
}
Event: 5.813 GC heap after
{Heap after GC invocations=14 (full 0):
 garbage-first heap   total 119808K, used 42241K [0x0000000080000000, 0x0000000100000000)
  region size 1024K, 7 young (7168K), 7 survivors (7168K)
 Metaspace       used 64720K, committed 66304K, reserved 1114112K
  class space    used 8940K, committed 9728K, reserved 1048576K
}
Event: 6.310 GC heap before
{Heap before GC invocations=14 (full 0):
 garbage-first heap   total 119808K, used 103681K [0x0000000080000000, 0x0000000100000000)
  region size 1024K, 68 young (69632K), 7 survivors (7168K)
 Metaspace       used 65814K, committed 67456K, reserved 1114112K
  class space    used 9060K, committed 9856K, reserved 1048576K
}
Event: 6.317 GC heap after
{Heap after GC invocations=15 (full 0):
 garbage-first heap   total 119808K, used 46181K [0x0000000080000000, 0x0000000100000000)
  region size 1024K, 9 young (9216K), 9 survivors (9216K)
 Metaspace       used 65814K, committed 67456K, reserved 1114112K
  class space    used 9060K, committed 9856K, reserved 1048576K
}
Event: 6.722 GC heap before
{Heap before GC invocations=15 (full 0):
 garbage-first heap   total 119808K, used 101477K [0x0000000080000000, 0x0000000100000000)
  region size 1024K, 64 young (65536K), 9 survivors (9216K)
 Metaspace       used 66060K, committed 67648K, reserved 1114112K
  class space    used 9061K, committed 9856K, reserved 1048576K
}
Event: 6.729 GC heap after
{Heap after GC invocations=16 (full 0):
 garbage-first heap   total 119808K, used 47671K [0x0000000080000000, 0x0000000100000000)
  region size 1024K, 5 young (5120K), 5 survivors (5120K)
 Metaspace       used 66060K, committed 67648K, reserved 1114112K
  class space    used 9061K, committed 9856K, reserved 1048576K
}
Event: 6.927 GC heap before
{Heap before GC invocations=16 (full 0):
 garbage-first heap   total 119808K, used 83511K [0x0000000080000000, 0x0000000100000000)
  region size 1024K, 42 young (43008K), 5 survivors (5120K)
 Metaspace       used 66341K, committed 67904K, reserved 1114112K
  class space    used 9099K, committed 9856K, reserved 1048576K
}
Event: 6.931 GC heap after
{Heap after GC invocations=17 (full 0):
 garbage-first heap   total 119808K, used 48244K [0x0000000080000000, 0x0000000100000000)
  region size 1024K, 6 young (6144K), 6 survivors (6144K)
 Metaspace       used 66341K, committed 67904K, reserved 1114112K
  class space    used 9099K, committed 9856K, reserved 1048576K
}
Event: 7.707 GC heap before
{Heap before GC invocations=18 (full 0):
 garbage-first heap   total 119808K, used 111732K [0x0000000080000000, 0x0000000100000000)
  region size 1024K, 62 young (63488K), 6 survivors (6144K)
 Metaspace       used 70651K, committed 72320K, reserved 1114112K
  class space    used 9670K, committed 10496K, reserved 1048576K
}
Event: 7.714 GC heap after
{Heap after GC invocations=19 (full 0):
 garbage-first heap   total 125952K, used 60827K [0x0000000080000000, 0x0000000100000000)
  region size 1024K, 8 young (8192K), 8 survivors (8192K)
 Metaspace       used 70651K, committed 72320K, reserved 1114112K
  class space    used 9670K, committed 10496K, reserved 1048576K
}
Event: 8.393 GC heap before
{Heap before GC invocations=19 (full 0):
 garbage-first heap   total 125952K, used 109979K [0x0000000080000000, 0x0000000100000000)
  region size 1024K, 56 young (57344K), 8 survivors (8192K)
 Metaspace       used 76642K, committed 78464K, reserved 1179648K
  class space    used 10447K, committed 11328K, reserved 1048576K
}
Event: 8.399 GC heap after
{Heap after GC invocations=20 (full 0):
 garbage-first heap   total 125952K, used 64433K [0x0000000080000000, 0x0000000100000000)
  region size 1024K, 3 young (3072K), 3 survivors (3072K)
 Metaspace       used 76642K, committed 78464K, reserved 1179648K
  class space    used 10447K, committed 11328K, reserved 1048576K
}
Event: 8.407 GC heap before
{Heap before GC invocations=20 (full 0):
 garbage-first heap   total 125952K, used 67505K [0x0000000080000000, 0x0000000100000000)
  region size 1024K, 7 young (7168K), 3 survivors (3072K)
 Metaspace       used 76642K, committed 78464K, reserved 1179648K
  class space    used 10447K, committed 11328K, reserved 1048576K
}
Event: 8.411 GC heap after
{Heap after GC invocations=21 (full 0):
 garbage-first heap   total 125952K, used 66560K [0x0000000080000000, 0x0000000100000000)
  region size 1024K, 5 young (5120K), 5 survivors (5120K)
 Metaspace       used 76642K, committed 78464K, reserved 1179648K
  class space    used 10447K, committed 11328K, reserved 1048576K
}
Event: 8.691 GC heap before
{Heap before GC invocations=22 (full 0):
 garbage-first heap   total 128000K, used 105472K [0x0000000080000000, 0x0000000100000000)
  region size 1024K, 39 young (39936K), 5 survivors (5120K)
 Metaspace       used 78739K, committed 80576K, reserved 1179648K
  class space    used 10743K, committed 11648K, reserved 1048576K
}
Event: 8.695 GC heap after
{Heap after GC invocations=23 (full 0):
 garbage-first heap   total 128000K, used 68178K [0x0000000080000000, 0x0000000100000000)
  region size 1024K, 4 young (4096K), 4 survivors (4096K)
 Metaspace       used 78739K, committed 80576K, reserved 1179648K
  class space    used 10743K, committed 11648K, reserved 1048576K
}
Event: 9.025 GC heap before
{Heap before GC invocations=23 (full 0):
 garbage-first heap   total 128000K, used 105042K [0x0000000080000000, 0x0000000100000000)
  region size 1024K, 40 young (40960K), 4 survivors (4096K)
 Metaspace       used 81560K, committed 83456K, reserved 1179648K
  class space    used 11100K, committed 12032K, reserved 1048576K
}
Event: 9.031 GC heap after
{Heap after GC invocations=24 (full 0):
 garbage-first heap   total 128000K, used 71673K [0x0000000080000000, 0x0000000100000000)
  region size 1024K, 5 young (5120K), 5 survivors (5120K)
 Metaspace       used 81560K, committed 83456K, reserved 1179648K
  class space    used 11100K, committed 12032K, reserved 1048576K
}
Event: 9.347 GC heap before
{Heap before GC invocations=24 (full 0):
 garbage-first heap   total 128000K, used 108537K [0x0000000080000000, 0x0000000100000000)
  region size 1024K, 41 young (41984K), 5 survivors (5120K)
 Metaspace       used 83417K, committed 85312K, reserved 1179648K
  class space    used 11345K, committed 12288K, reserved 1048576K
}

