# JRE version: OpenJDK Runtime Environment (21.0.3) (build 21.0.3+-12282718-b509.11)
# Java VM: OpenJDK 64-Bit Server VM (21.0.3+-12282718-b509.11, mixed mode, tiered, compressed oops, compressed class ptrs, g1 gc, windows-amd64)
GC Precious Log:
 CardTable entry size: 512
 Card Set container configuration: InlinePtr #cards 5 size 8 Array Of Cards #cards 12 size 40 Howl #buckets 4 coarsen threshold 1843 Howl Bitmap #cards 512 size 80 coarsen threshold 460 Card regions per heap region 1 cards per card region 2048
 CPUs: 8 total, 8 available
 Memory: 7914M
 Large Page Support: Disabled
 NUMA Support: Disabled
 Compressed Oops: Enabled (32-bit)
 Heap Region Size: 1M
 Heap Min Capacity: 8M
 Heap Initial Capacity: 124M
 Heap Max Capacity: 2G
 Pre-touch: Disabled
 Parallel Workers: 8
 Concurrent Workers: 2
 Concurrent Refinement Workers: 8
 Periodic GC: Disabled
Heap:
 garbage-first heap   total 434176K, used 208163K [0x0000000080000000, 0x0000000100000000)
  region size 1024K, 22 young (22528K), 22 survivors (22528K)
 Metaspace       used 121355K, committed 123456K, reserved 1179648K
  class space    used 16966K, committed 18048K, reserved 1048576K
GC Heap History (20 events):
Event: 16.119 GC heap after
{Heap after GC invocations=41 (full 0):
 garbage-first heap   total 225280K, used 136669K [0x0000000080000000, 0x0000000100000000)
  region size 1024K, 11 young (11264K), 11 survivors (11264K)
 Metaspace       used 110253K, committed 112384K, reserved 1179648K
  class space    used 15385K, committed 16448K, reserved 1048576K
}
Event: 16.357 GC heap before
{Heap before GC invocations=41 (full 0):
 garbage-first heap   total 225280K, used 197085K [0x0000000080000000, 0x0000000100000000)
  region size 1024K, 71 young (72704K), 11 survivors (11264K)
 Metaspace       used 112337K, committed 114432K, reserved 1179648K
  class space    used 15733K, committed 16768K, reserved 1048576K
}
Event: 16.377 GC heap after
{Heap after GC invocations=42 (full 0):
 garbage-first heap   total 225280K, used 147759K [0x0000000080000000, 0x0000000100000000)
  region size 1024K, 9 young (9216K), 9 survivors (9216K)
 Metaspace       used 112337K, committed 114432K, reserved 1179648K
  class space    used 15733K, committed 16768K, reserved 1048576K
}
Event: 16.592 GC heap before
{Heap before GC invocations=42 (full 0):
 garbage-first heap   total 306176K, used 198959K [0x0000000080000000, 0x0000000100000000)
  region size 1024K, 59 young (60416K), 9 survivors (9216K)
 Metaspace       used 112620K, committed 114752K, reserved 1179648K
  class space    used 15781K, committed 16832K, reserved 1048576K
}
Event: 16.612 GC heap after
{Heap after GC invocations=43 (full 0):
 garbage-first heap   total 434176K, used 158285K [0x0000000080000000, 0x0000000100000000)
  region size 1024K, 8 young (8192K), 8 survivors (8192K)
 Metaspace       used 112620K, committed 114752K, reserved 1179648K
  class space    used 15781K, committed 16832K, reserved 1048576K
}
Event: 18.142 GC heap before
{Heap before GC invocations=44 (full 0):
 garbage-first heap   total 434176K, used 351821K [0x0000000080000000, 0x0000000100000000)
  region size 1024K, 198 young (202752K), 8 survivors (8192K)
 Metaspace       used 118304K, committed 120448K, reserved 1179648K
  class space    used 16585K, committed 17664K, reserved 1048576K
}
Event: 18.199 GC heap after
{Heap after GC invocations=45 (full 0):
 garbage-first heap   total 434176K, used 168525K [0x0000000080000000, 0x0000000100000000)
  region size 1024K, 18 young (18432K), 18 survivors (18432K)
 Metaspace       used 118304K, committed 120448K, reserved 1179648K
  class space    used 16585K, committed 17664K, reserved 1048576K
}
Event: 19.313 GC heap before
{Heap before GC invocations=45 (full 0):
 garbage-first heap   total 434176K, used 365133K [0x0000000080000000, 0x0000000100000000)
  region size 1024K, 210 young (215040K), 18 survivors (18432K)
 Metaspace       used 118816K, committed 120960K, reserved 1179648K
  class space    used 16606K, committed 17664K, reserved 1048576K
}
Event: 19.337 GC heap after
{Heap after GC invocations=46 (full 0):
 garbage-first heap   total 434176K, used 167445K [0x0000000080000000, 0x0000000100000000)
  region size 1024K, 11 young (11264K), 11 survivors (11264K)
 Metaspace       used 118816K, committed 120960K, reserved 1179648K
  class space    used 16606K, committed 17664K, reserved 1048576K
}
Event: 19.873 GC heap before
{Heap before GC invocations=46 (full 0):
 garbage-first heap   total 434176K, used 386581K [0x0000000080000000, 0x0000000100000000)
  region size 1024K, 225 young (230400K), 11 survivors (11264K)
 Metaspace       used 120391K, committed 122496K, reserved 1179648K
  class space    used 16844K, committed 17920K, reserved 1048576K
}
Event: 19.891 GC heap after
{Heap after GC invocations=47 (full 0):
 garbage-first heap   total 434176K, used 168244K [0x0000000080000000, 0x0000000100000000)
  region size 1024K, 12 young (12288K), 12 survivors (12288K)
 Metaspace       used 120391K, committed 122496K, reserved 1179648K
  class space    used 16844K, committed 17920K, reserved 1048576K
}
Event: 20.537 GC heap before
{Heap before GC invocations=47 (full 0):
 garbage-first heap   total 434176K, used 398644K [0x0000000080000000, 0x0000000100000000)
  region size 1024K, 237 young (242688K), 12 survivors (12288K)
 Metaspace       used 121170K, committed 123264K, reserved 1179648K
  class space    used 16949K, committed 17984K, reserved 1048576K
}
Event: 20.558 GC heap after
{Heap after GC invocations=48 (full 0):
 garbage-first heap   total 434176K, used 168505K [0x0000000080000000, 0x0000000100000000)
  region size 1024K, 12 young (12288K), 12 survivors (12288K)
 Metaspace       used 121170K, committed 123264K, reserved 1179648K
  class space    used 16949K, committed 17984K, reserved 1048576K
}
Event: 20.710 GC heap before
{Heap before GC invocations=48 (full 0):
 garbage-first heap   total 434176K, used 216633K [0x0000000080000000, 0x0000000100000000)
  region size 1024K, 60 young (61440K), 12 survivors (12288K)
 Metaspace       used 121232K, committed 123328K, reserved 1179648K
  class space    used 16961K, committed 17984K, reserved 1048576K
}
Event: 20.726 GC heap after
{Heap after GC invocations=49 (full 0):
 garbage-first heap   total 434176K, used 173115K [0x0000000080000000, 0x0000000100000000)
  region size 1024K, 17 young (17408K), 17 survivors (17408K)
 Metaspace       used 121232K, committed 123328K, reserved 1179648K
  class space    used 16961K, committed 17984K, reserved 1048576K
}
Event: 21.535 GC heap before
{Heap before GC invocations=50 (full 0):
 garbage-first heap   total 434176K, used 377915K [0x0000000080000000, 0x0000000100000000)
  region size 1024K, 216 young (221184K), 17 survivors (17408K)
 Metaspace       used 121299K, committed 123392K, reserved 1179648K
  class space    used 16963K, committed 18048K, reserved 1048576K
}
Event: 21.566 GC heap after
{Heap after GC invocations=51 (full 0):
 garbage-first heap   total 434176K, used 193504K [0x0000000080000000, 0x0000000100000000)
  region size 1024K, 27 young (27648K), 27 survivors (27648K)
 Metaspace       used 121299K, committed 123392K, reserved 1179648K
  class space    used 16963K, committed 18048K, reserved 1048576K
}
Event: 21.959 GC heap before
{Heap before GC invocations=51 (full 0):
 garbage-first heap   total 434176K, used 380896K [0x0000000080000000, 0x0000000100000000)
  region size 1024K, 210 young (215040K), 27 survivors (27648K)
 Metaspace       used 121327K, committed 123456K, reserved 1179648K
  class space    used 16963K, committed 18048K, reserved 1048576K
}
Event: 21.990 GC heap after
{Heap after GC invocations=52 (full 0):
 garbage-first heap   total 434176K, used 200483K [0x0000000080000000, 0x0000000100000000)
  region size 1024K, 14 young (14336K), 14 survivors (14336K)
 Metaspace       used 121327K, committed 123456K, reserved 1179648K
  class space    used 16963K, committed 18048K, reserved 1048576K
}
Event: 22.457 GC heap before
{Heap before GC invocations=52 (full 0):
 garbage-first heap   total 434176K, used 385827K [0x0000000080000000, 0x0000000100000000)
  region size 1024K, 195 young (199680K), 14 survivors (14336K)
 Metaspace       used 121355K, committed 123456K, reserved 1179648K
  class space    used 16966K, committed 18048K, reserved 1048576K
}

