# JRE version: OpenJDK Runtime Environment (21.0.3) (build 21.0.3+-12282718-b509.11)
# Java VM: OpenJDK 64-Bit Server VM (21.0.3+-12282718-b509.11, mixed mode, tiered, compressed oops, compressed class ptrs, g1 gc, windows-amd64)
GC Precious Log:
 CardTable entry size: 512
 Card Set container configuration: InlinePtr #cards 5 size 8 Array Of Cards #cards 12 size 40 Howl #buckets 4 coarsen threshold 1843 Howl Bitmap #cards 512 size 80 coarsen threshold 460 Card regions per heap region 1 cards per card region 2048
 CPUs: 8 total, 8 available
 Memory: 7914M
 Large Page Support: Disabled
 NUMA Support: Disabled
 Compressed Oops: Enabled (32-bit)
 Heap Region Size: 1M
 Heap Min Capacity: 8M
 Heap Initial Capacity: 124M
 Heap Max Capacity: 2G
 Pre-touch: Disabled
 Parallel Workers: 8
 Concurrent Workers: 2
 Concurrent Refinement Workers: 8
 Periodic GC: Disabled
Heap:
 garbage-first heap   total 132096K, used 116171K [0x0000000080000000, 0x0000000100000000)
  region size 1024K, 44 young (45056K), 3 survivors (3072K)
 Metaspace       used 93113K, committed 95104K, reserved 1179648K
  class space    used 12875K, committed 13888K, reserved 1048576K
GC Heap History (20 events):
Event: 8.547 GC heap before
{Heap before GC invocations=15 (full 0):
 garbage-first heap   total 95232K, used 82767K [0x0000000080000000, 0x0000000100000000)
  region size 1024K, 43 young (44032K), 5 survivors (5120K)
 Metaspace       used 65905K, committed 67456K, reserved 1114112K
  class space    used 9067K, committed 9856K, reserved 1048576K
}
Event: 8.553 GC heap after
{Heap after GC invocations=16 (full 0):
 garbage-first heap   total 95232K, used 46496K [0x0000000080000000, 0x0000000100000000)
  region size 1024K, 4 young (4096K), 4 survivors (4096K)
 Metaspace       used 65905K, committed 67456K, reserved 1114112K
  class space    used 9067K, committed 9856K, reserved 1048576K
}
Event: 8.759 GC heap before
{Heap before GC invocations=16 (full 0):
 garbage-first heap   total 95232K, used 83360K [0x0000000080000000, 0x0000000100000000)
  region size 1024K, 41 young (41984K), 4 survivors (4096K)
 Metaspace       used 66062K, committed 67648K, reserved 1114112K
  class space    used 9067K, committed 9856K, reserved 1048576K
}
Event: 8.763 GC heap after
{Heap after GC invocations=17 (full 0):
 garbage-first heap   total 114688K, used 47022K [0x0000000080000000, 0x0000000100000000)
  region size 1024K, 5 young (5120K), 5 survivors (5120K)
 Metaspace       used 66062K, committed 67648K, reserved 1114112K
  class space    used 9067K, committed 9856K, reserved 1048576K
}
Event: 9.336 GC heap before
{Heap before GC invocations=18 (full 0):
 garbage-first heap   total 114688K, used 106414K [0x0000000080000000, 0x0000000100000000)
  region size 1024K, 58 young (59392K), 5 survivors (5120K)
 Metaspace       used 67380K, committed 68992K, reserved 1114112K
  class space    used 9263K, committed 10048K, reserved 1048576K
}
Event: 9.343 GC heap after
{Heap after GC invocations=19 (full 0):
 garbage-first heap   total 118784K, used 58141K [0x0000000080000000, 0x0000000100000000)
  region size 1024K, 8 young (8192K), 8 survivors (8192K)
 Metaspace       used 67380K, committed 68992K, reserved 1114112K
  class space    used 9263K, committed 10048K, reserved 1048576K
}
Event: 10.172 GC heap before
{Heap before GC invocations=19 (full 0):
 garbage-first heap   total 118784K, used 102173K [0x0000000080000000, 0x0000000100000000)
  region size 1024K, 51 young (52224K), 8 survivors (8192K)
 Metaspace       used 71299K, committed 72960K, reserved 1114112K
  class space    used 9725K, committed 10560K, reserved 1048576K
}
Event: 10.178 GC heap after
{Heap after GC invocations=20 (full 0):
 garbage-first heap   total 118784K, used 60790K [0x0000000080000000, 0x0000000100000000)
  region size 1024K, 3 young (3072K), 3 survivors (3072K)
 Metaspace       used 71299K, committed 72960K, reserved 1114112K
  class space    used 9725K, committed 10560K, reserved 1048576K
}
Event: 11.281 GC heap before
{Heap before GC invocations=20 (full 0):
 garbage-first heap   total 118784K, used 102774K [0x0000000080000000, 0x0000000100000000)
  region size 1024K, 44 young (45056K), 3 survivors (3072K)
 Metaspace       used 76623K, committed 78400K, reserved 1179648K
  class space    used 10452K, committed 11328K, reserved 1048576K
}
Event: 11.293 GC heap after
{Heap after GC invocations=21 (full 0):
 garbage-first heap   total 118784K, used 62552K [0x0000000080000000, 0x0000000100000000)
  region size 1024K, 4 young (4096K), 4 survivors (4096K)
 Metaspace       used 76623K, committed 78400K, reserved 1179648K
  class space    used 10452K, committed 11328K, reserved 1048576K
}
Event: 12.161 GC heap before
{Heap before GC invocations=22 (full 0):
 garbage-first heap   total 118784K, used 109656K [0x0000000080000000, 0x0000000100000000)
  region size 1024K, 46 young (47104K), 4 survivors (4096K)
 Metaspace       used 78948K, committed 80704K, reserved 1179648K
  class space    used 10775K, committed 11648K, reserved 1048576K
}
Event: 12.168 GC heap after
{Heap after GC invocations=23 (full 0):
 garbage-first heap   total 119808K, used 67904K [0x0000000080000000, 0x0000000100000000)
  region size 1024K, 6 young (6144K), 6 survivors (6144K)
 Metaspace       used 78948K, committed 80704K, reserved 1179648K
  class space    used 10775K, committed 11648K, reserved 1048576K
}
Event: 12.813 GC heap before
{Heap before GC invocations=23 (full 0):
 garbage-first heap   total 119808K, used 104768K [0x0000000080000000, 0x0000000100000000)
  region size 1024K, 43 young (44032K), 6 survivors (6144K)
 Metaspace       used 81611K, committed 83392K, reserved 1179648K
  class space    used 11115K, committed 12032K, reserved 1048576K
}
Event: 12.827 GC heap after
{Heap after GC invocations=24 (full 0):
 garbage-first heap   total 119808K, used 72236K [0x0000000080000000, 0x0000000100000000)
  region size 1024K, 5 young (5120K), 5 survivors (5120K)
 Metaspace       used 81611K, committed 83392K, reserved 1179648K
  class space    used 11115K, committed 12032K, reserved 1048576K
}
Event: 13.241 GC heap before
{Heap before GC invocations=24 (full 0):
 garbage-first heap   total 119808K, used 106028K [0x0000000080000000, 0x0000000100000000)
  region size 1024K, 38 young (38912K), 5 survivors (5120K)
 Metaspace       used 83601K, committed 85440K, reserved 1179648K
  class space    used 11380K, committed 12288K, reserved 1048576K
}
Event: 13.246 GC heap after
{Heap after GC invocations=25 (full 0):
 garbage-first heap   total 119808K, used 73419K [0x0000000080000000, 0x0000000100000000)
  region size 1024K, 4 young (4096K), 4 survivors (4096K)
 Metaspace       used 83601K, committed 85440K, reserved 1179648K
  class space    used 11380K, committed 12288K, reserved 1048576K
}
Event: 13.803 GC heap before
{Heap before GC invocations=26 (full 0):
 garbage-first heap   total 132096K, used 107211K [0x0000000080000000, 0x0000000100000000)
  region size 1024K, 37 young (37888K), 4 survivors (4096K)
 Metaspace       used 86177K, committed 88064K, reserved 1179648K
  class space    used 11804K, committed 12736K, reserved 1048576K
}
Event: 13.807 GC heap after
{Heap after GC invocations=27 (full 0):
 garbage-first heap   total 132096K, used 74710K [0x0000000080000000, 0x0000000100000000)
  region size 1024K, 2 young (2048K), 2 survivors (2048K)
 Metaspace       used 86177K, committed 88064K, reserved 1179648K
  class space    used 11804K, committed 12736K, reserved 1048576K
}
Event: 14.424 GC heap before
{Heap before GC invocations=27 (full 0):
 garbage-first heap   total 132096K, used 117718K [0x0000000080000000, 0x0000000100000000)
  region size 1024K, 44 young (45056K), 2 survivors (2048K)
 Metaspace       used 89748K, committed 91776K, reserved 1179648K
  class space    used 12394K, committed 13376K, reserved 1048576K
}
Event: 14.428 GC heap after
{Heap after GC invocations=28 (full 0):
 garbage-first heap   total 132096K, used 75211K [0x0000000080000000, 0x0000000100000000)
  region size 1024K, 3 young (3072K), 3 survivors (3072K)
 Metaspace       used 89748K, committed 91776K, reserved 1179648K
  class space    used 12394K, committed 13376K, reserved 1048576K
}

