# JRE version: OpenJDK Runtime Environment (21.0.3) (build 21.0.3+-12282718-b509.11)
# Java VM: OpenJDK 64-Bit Server VM (21.0.3+-12282718-b509.11, mixed mode, tiered, compressed oops, compressed class ptrs, g1 gc, windows-amd64)
GC Precious Log:
 CardTable entry size: 512
 Card Set container configuration: InlinePtr #cards 5 size 8 Array Of Cards #cards 12 size 40 Howl #buckets 4 coarsen threshold 1843 Howl Bitmap #cards 512 size 80 coarsen threshold 460 Card regions per heap region 1 cards per card region 2048
 CPUs: 8 total, 8 available
 Memory: 7914M
 Large Page Support: Disabled
 NUMA Support: Disabled
 Compressed Oops: Enabled (32-bit)
 Heap Region Size: 1M
 Heap Min Capacity: 8M
 Heap Initial Capacity: 124M
 Heap Max Capacity: 2G
 Pre-touch: Disabled
 Parallel Workers: 8
 Concurrent Workers: 2
 Concurrent Refinement Workers: 8
 Periodic GC: Disabled
Heap:
 garbage-first heap   total 140288K, used 64895K [0x0000000080000000, 0x0000000100000000)
  region size 1024K, 11 young (11264K), 7 survivors (7168K)
 Metaspace       used 69974K, committed 71680K, reserved 1114112K
  class space    used 9605K, committed 10432K, reserved 1048576K
GC Heap History (20 events):
Event: 3.287 GC heap before
{Heap before GC invocations=6 (full 0):
 garbage-first heap   total 92160K, used 28551K [0x0000000080000000, 0x0000000100000000)
  region size 1024K, 6 young (6144K), 3 survivors (3072K)
 Metaspace       used 35486K, committed 36288K, reserved 1114112K
  class space    used 4794K, committed 5184K, reserved 1048576K
}
Event: 3.289 GC heap after
{Heap after GC invocations=7 (full 0):
 garbage-first heap   total 92160K, used 26548K [0x0000000080000000, 0x0000000100000000)
  region size 1024K, 3 young (3072K), 3 survivors (3072K)
 Metaspace       used 35486K, committed 36288K, reserved 1114112K
  class space    used 4794K, committed 5184K, reserved 1048576K
}
Event: 3.940 GC heap before
{Heap before GC invocations=8 (full 0):
 garbage-first heap   total 92160K, used 74676K [0x0000000080000000, 0x0000000100000000)
  region size 1024K, 50 young (51200K), 3 survivors (3072K)
 Metaspace       used 44242K, committed 45376K, reserved 1114112K
  class space    used 5990K, committed 6528K, reserved 1048576K
}
Event: 3.945 GC heap after
{Heap after GC invocations=9 (full 0):
 garbage-first heap   total 92160K, used 30612K [0x0000000080000000, 0x0000000100000000)
  region size 1024K, 7 young (7168K), 7 survivors (7168K)
 Metaspace       used 44242K, committed 45376K, reserved 1114112K
  class space    used 5990K, committed 6528K, reserved 1048576K
}
Event: 4.250 GC heap before
{Heap before GC invocations=9 (full 0):
 garbage-first heap   total 92160K, used 75668K [0x0000000080000000, 0x0000000100000000)
  region size 1024K, 52 young (53248K), 7 survivors (7168K)
 Metaspace       used 46338K, committed 47552K, reserved 1114112K
  class space    used 6242K, committed 6848K, reserved 1048576K
}
Event: 4.257 GC heap after
{Heap after GC invocations=10 (full 0):
 garbage-first heap   total 92160K, used 33176K [0x0000000080000000, 0x0000000100000000)
  region size 1024K, 3 young (3072K), 3 survivors (3072K)
 Metaspace       used 46338K, committed 47552K, reserved 1114112K
  class space    used 6242K, committed 6848K, reserved 1048576K
}
Event: 4.801 GC heap before
{Heap before GC invocations=10 (full 0):
 garbage-first heap   total 92160K, used 78232K [0x0000000080000000, 0x0000000100000000)
  region size 1024K, 47 young (48128K), 3 survivors (3072K)
 Metaspace       used 51658K, committed 53056K, reserved 1114112K
  class space    used 7121K, committed 7808K, reserved 1048576K
}
Event: 4.805 GC heap after
{Heap after GC invocations=11 (full 0):
 garbage-first heap   total 110592K, used 35595K [0x0000000080000000, 0x0000000100000000)
  region size 1024K, 6 young (6144K), 6 survivors (6144K)
 Metaspace       used 51658K, committed 53056K, reserved 1114112K
  class space    used 7121K, committed 7808K, reserved 1048576K
}
Event: 5.493 GC heap before
{Heap before GC invocations=11 (full 0):
 garbage-first heap   total 110592K, used 87819K [0x0000000080000000, 0x0000000100000000)
  region size 1024K, 56 young (57344K), 6 survivors (6144K)
 Metaspace       used 59327K, committed 60736K, reserved 1114112K
  class space    used 8103K, committed 8832K, reserved 1048576K
}
Event: 5.498 GC heap after
{Heap after GC invocations=12 (full 0):
 garbage-first heap   total 110592K, used 38188K [0x0000000080000000, 0x0000000100000000)
  region size 1024K, 6 young (6144K), 6 survivors (6144K)
 Metaspace       used 59327K, committed 60736K, reserved 1114112K
  class space    used 8103K, committed 8832K, reserved 1048576K
}
Event: 6.624 GC heap before
{Heap before GC invocations=13 (full 0):
 garbage-first heap   total 110592K, used 97580K [0x0000000080000000, 0x0000000100000000)
  region size 1024K, 64 young (65536K), 6 survivors (6144K)
 Metaspace       used 65174K, committed 66688K, reserved 1114112K
  class space    used 9026K, committed 9792K, reserved 1048576K
}
Event: 6.634 GC heap after
{Heap after GC invocations=14 (full 0):
 garbage-first heap   total 110592K, used 43824K [0x0000000080000000, 0x0000000100000000)
  region size 1024K, 8 young (8192K), 8 survivors (8192K)
 Metaspace       used 65174K, committed 66688K, reserved 1114112K
  class space    used 9026K, committed 9792K, reserved 1048576K
}
Event: 6.978 GC heap before
{Heap before GC invocations=14 (full 0):
 garbage-first heap   total 110592K, used 96048K [0x0000000080000000, 0x0000000100000000)
  region size 1024K, 59 young (60416K), 8 survivors (8192K)
 Metaspace       used 65781K, committed 67392K, reserved 1114112K
  class space    used 9060K, committed 9856K, reserved 1048576K
}
Event: 6.986 GC heap after
{Heap after GC invocations=15 (full 0):
 garbage-first heap   total 110592K, used 46691K [0x0000000080000000, 0x0000000100000000)
  region size 1024K, 5 young (5120K), 5 survivors (5120K)
 Metaspace       used 65781K, committed 67392K, reserved 1114112K
  class space    used 9060K, committed 9856K, reserved 1048576K
}
Event: 7.208 GC heap before
{Heap before GC invocations=15 (full 0):
 garbage-first heap   total 110592K, used 94819K [0x0000000080000000, 0x0000000100000000)
  region size 1024K, 53 young (54272K), 5 survivors (5120K)
 Metaspace       used 66014K, committed 67584K, reserved 1114112K
  class space    used 9060K, committed 9856K, reserved 1048576K
}
Event: 7.216 GC heap after
{Heap after GC invocations=16 (full 0):
 garbage-first heap   total 110592K, used 48390K [0x0000000080000000, 0x0000000100000000)
  region size 1024K, 5 young (5120K), 5 survivors (5120K)
 Metaspace       used 66014K, committed 67584K, reserved 1114112K
  class space    used 9060K, committed 9856K, reserved 1048576K
}
Event: 7.499 GC heap before
{Heap before GC invocations=16 (full 0):
 garbage-first heap   total 110592K, used 91398K [0x0000000080000000, 0x0000000100000000)
  region size 1024K, 49 young (50176K), 5 survivors (5120K)
 Metaspace       used 66293K, committed 67904K, reserved 1114112K
  class space    used 9099K, committed 9920K, reserved 1048576K
}
Event: 7.504 GC heap after
{Heap after GC invocations=17 (full 0):
 garbage-first heap   total 110592K, used 49393K [0x0000000080000000, 0x0000000100000000)
  region size 1024K, 6 young (6144K), 6 survivors (6144K)
 Metaspace       used 66293K, committed 67904K, reserved 1114112K
  class space    used 9099K, committed 9920K, reserved 1048576K
}
Event: 8.090 GC heap before
{Heap before GC invocations=18 (full 0):
 garbage-first heap   total 110592K, used 102641K [0x0000000080000000, 0x0000000100000000)
  region size 1024K, 52 young (53248K), 6 survivors (6144K)
 Metaspace       used 69702K, committed 71360K, reserved 1114112K
  class space    used 9564K, committed 10368K, reserved 1048576K
}
Event: 8.098 GC heap after
{Heap after GC invocations=19 (full 0):
 garbage-first heap   total 140288K, used 61823K [0x0000000080000000, 0x0000000100000000)
  region size 1024K, 7 young (7168K), 7 survivors (7168K)
 Metaspace       used 69702K, committed 71360K, reserved 1114112K
  class space    used 9564K, committed 10368K, reserved 1048576K
}

