# JRE version: OpenJDK Runtime Environment (21.0.3) (build 21.0.3+-12282718-b509.11)
# Java VM: OpenJDK 64-Bit Server VM (21.0.3+-12282718-b509.11, mixed mode, tiered, compressed oops, compressed class ptrs, g1 gc, windows-amd64)
GC Precious Log:
 CardTable entry size: 512
 Card Set container configuration: InlinePtr #cards 5 size 8 Array Of Cards #cards 12 size 40 Howl #buckets 4 coarsen threshold 1843 Howl Bitmap #cards 512 size 80 coarsen threshold 460 Card regions per heap region 1 cards per card region 2048
 CPUs: 8 total, 8 available
 Memory: 7914M
 Large Page Support: Disabled
 NUMA Support: Disabled
 Compressed Oops: Enabled (32-bit)
 Heap Region Size: 1M
 Heap Min Capacity: 8M
 Heap Initial Capacity: 124M
 Heap Max Capacity: 2G
 Pre-touch: Disabled
 Parallel Workers: 8
 Concurrent Workers: 2
 Concurrent Refinement Workers: 8
 Periodic GC: Disabled
Heap:
 garbage-first heap   total 139264K, used 80247K [0x0000000080000000, 0x0000000100000000)
  region size 1024K, 5 young (5120K), 5 survivors (5120K)
 Metaspace       used 95274K, committed 97344K, reserved 1179648K
  class space    used 13199K, committed 14208K, reserved 1048576K
GC Heap History (20 events):
Event: 7.279 GC heap after
{Heap after GC invocations=17 (full 0):
 garbage-first heap   total 103424K, used 47514K [0x0000000080000000, 0x0000000100000000)
  region size 1024K, 4 young (4096K), 4 survivors (4096K)
 Metaspace       used 65978K, committed 67584K, reserved 1114112K
  class space    used 9063K, committed 9856K, reserved 1048576K
}
Event: 7.421 GC heap before
{Heap before GC invocations=17 (full 0):
 garbage-first heap   total 103424K, used 90522K [0x0000000080000000, 0x0000000100000000)
  region size 1024K, 47 young (48128K), 4 survivors (4096K)
 Metaspace       used 66080K, committed 67648K, reserved 1114112K
  class space    used 9064K, committed 9856K, reserved 1048576K
}
Event: 7.425 GC heap after
{Heap after GC invocations=18 (full 0):
 garbage-first heap   total 103424K, used 48526K [0x0000000080000000, 0x0000000100000000)
  region size 1024K, 4 young (4096K), 4 survivors (4096K)
 Metaspace       used 66080K, committed 67648K, reserved 1114112K
  class space    used 9064K, committed 9856K, reserved 1048576K
}
Event: 7.557 GC heap before
{Heap before GC invocations=18 (full 0):
 garbage-first heap   total 103424K, used 65934K [0x0000000080000000, 0x0000000100000000)
  region size 1024K, 22 young (22528K), 4 survivors (4096K)
 Metaspace       used 66366K, committed 67968K, reserved 1114112K
  class space    used 9104K, committed 9920K, reserved 1048576K
}
Event: 7.563 GC heap after
{Heap after GC invocations=19 (full 0):
 garbage-first heap   total 124928K, used 50120K [0x0000000080000000, 0x0000000100000000)
  region size 1024K, 4 young (4096K), 4 survivors (4096K)
 Metaspace       used 66366K, committed 67968K, reserved 1114112K
  class space    used 9104K, committed 9920K, reserved 1048576K
}
Event: 8.317 GC heap before
{Heap before GC invocations=19 (full 0):
 garbage-first heap   total 124928K, used 115656K [0x0000000080000000, 0x0000000100000000)
  region size 1024K, 63 young (64512K), 4 survivors (4096K)
 Metaspace       used 71078K, committed 72768K, reserved 1114112K
  class space    used 9706K, committed 10560K, reserved 1048576K
}
Event: 8.322 GC heap after
{Heap after GC invocations=20 (full 0):
 garbage-first heap   total 128000K, used 61926K [0x0000000080000000, 0x0000000100000000)
  region size 1024K, 8 young (8192K), 8 survivors (8192K)
 Metaspace       used 71078K, committed 72768K, reserved 1114112K
  class space    used 9706K, committed 10560K, reserved 1048576K
}
Event: 8.858 GC heap before
{Heap before GC invocations=20 (full 0):
 garbage-first heap   total 128000K, used 114150K [0x0000000080000000, 0x0000000100000000)
  region size 1024K, 57 young (58368K), 8 survivors (8192K)
 Metaspace       used 76692K, committed 78528K, reserved 1179648K
  class space    used 10451K, committed 11328K, reserved 1048576K
}
Event: 8.865 GC heap after
{Heap after GC invocations=21 (full 0):
 garbage-first heap   total 129024K, used 69580K [0x0000000080000000, 0x0000000100000000)
  region size 1024K, 5 young (5120K), 5 survivors (5120K)
 Metaspace       used 76692K, committed 78528K, reserved 1179648K
  class space    used 10451K, committed 11328K, reserved 1048576K
}
Event: 9.298 GC heap before
{Heap before GC invocations=22 (full 0):
 garbage-first heap   total 132096K, used 117708K [0x0000000080000000, 0x0000000100000000)
  region size 1024K, 50 young (51200K), 5 survivors (5120K)
 Metaspace       used 79532K, committed 81280K, reserved 1179648K
  class space    used 10840K, committed 11712K, reserved 1048576K
}
Event: 9.304 GC heap after
{Heap after GC invocations=23 (full 0):
 garbage-first heap   total 132096K, used 71081K [0x0000000080000000, 0x0000000100000000)
  region size 1024K, 4 young (4096K), 4 survivors (4096K)
 Metaspace       used 79532K, committed 81280K, reserved 1179648K
  class space    used 10840K, committed 11712K, reserved 1048576K
}
Event: 9.707 GC heap before
{Heap before GC invocations=23 (full 0):
 garbage-first heap   total 132096K, used 120233K [0x0000000080000000, 0x0000000100000000)
  region size 1024K, 52 young (53248K), 4 survivors (4096K)
 Metaspace       used 82381K, committed 84224K, reserved 1179648K
  class space    used 11203K, committed 12096K, reserved 1048576K
}
Event: 9.714 GC heap after
{Heap after GC invocations=24 (full 0):
 garbage-first heap   total 132096K, used 74093K [0x0000000080000000, 0x0000000100000000)
  region size 1024K, 7 young (7168K), 7 survivors (7168K)
 Metaspace       used 82381K, committed 84224K, reserved 1179648K
  class space    used 11203K, committed 12096K, reserved 1048576K
}
Event: 9.923 GC heap before
{Heap before GC invocations=24 (full 0):
 garbage-first heap   total 132096K, used 97645K [0x0000000080000000, 0x0000000100000000)
  region size 1024K, 31 young (31744K), 7 survivors (7168K)
 Metaspace       used 84207K, committed 86144K, reserved 1179648K
  class space    used 11464K, committed 12416K, reserved 1048576K
}
Event: 9.930 GC heap after
{Heap after GC invocations=25 (full 0):
 garbage-first heap   total 132096K, used 76439K [0x0000000080000000, 0x0000000100000000)
  region size 1024K, 2 young (2048K), 2 survivors (2048K)
 Metaspace       used 84207K, committed 86144K, reserved 1179648K
  class space    used 11464K, committed 12416K, reserved 1048576K
}
Event: 10.520 GC heap before
{Heap before GC invocations=26 (full 0):
 garbage-first heap   total 137216K, used 122519K [0x0000000080000000, 0x0000000100000000)
  region size 1024K, 46 young (47104K), 2 survivors (2048K)
 Metaspace       used 87849K, committed 89728K, reserved 1179648K
  class space    used 12116K, committed 13056K, reserved 1048576K
}
Event: 10.523 GC heap after
{Heap after GC invocations=27 (full 0):
 garbage-first heap   total 137216K, used 77064K [0x0000000080000000, 0x0000000100000000)
  region size 1024K, 3 young (3072K), 3 survivors (3072K)
 Metaspace       used 87849K, committed 89728K, reserved 1179648K
  class space    used 12116K, committed 13056K, reserved 1048576K
}
Event: 11.047 GC heap before
{Heap before GC invocations=27 (full 0):
 garbage-first heap   total 137216K, used 125192K [0x0000000080000000, 0x0000000100000000)
  region size 1024K, 50 young (51200K), 3 survivors (3072K)
 Metaspace       used 91891K, committed 93888K, reserved 1179648K
  class space    used 12688K, committed 13632K, reserved 1048576K
}
Event: 11.053 GC heap after
{Heap after GC invocations=28 (full 0):
 garbage-first heap   total 137216K, used 78121K [0x0000000080000000, 0x0000000100000000)
  region size 1024K, 6 young (6144K), 6 survivors (6144K)
 Metaspace       used 91891K, committed 93888K, reserved 1179648K
  class space    used 12688K, committed 13632K, reserved 1048576K
}
Event: 11.600 GC heap before
{Heap before GC invocations=28 (full 0):
 garbage-first heap   total 137216K, used 121129K [0x0000000080000000, 0x0000000100000000)
  region size 1024K, 48 young (49152K), 6 survivors (6144K)
 Metaspace       used 95274K, committed 97344K, reserved 1179648K
  class space    used 13199K, committed 14208K, reserved 1048576K
}

