# JRE version: OpenJDK Runtime Environment (21.0.3) (build 21.0.3+-12282718-b509.11)
# Java VM: OpenJDK 64-Bit Server VM (21.0.3+-12282718-b509.11, mixed mode, tiered, compressed oops, compressed class ptrs, g1 gc, windows-amd64)
GC Precious Log:
 CardTable entry size: 512
 Card Set container configuration: InlinePtr #cards 5 size 8 Array Of Cards #cards 12 size 40 Howl #buckets 4 coarsen threshold 1843 Howl Bitmap #cards 512 size 80 coarsen threshold 460 Card regions per heap region 1 cards per card region 2048
 CPUs: 8 total, 8 available
 Memory: 7914M
 Large Page Support: Disabled
 NUMA Support: Disabled
 Compressed Oops: Enabled (32-bit)
 Heap Region Size: 1M
 Heap Min Capacity: 8M
 Heap Initial Capacity: 124M
 Heap Max Capacity: 2G
 Pre-touch: Disabled
 Parallel Workers: 8
 Concurrent Workers: 2
 Concurrent Refinement Workers: 8
 Periodic GC: Disabled
Heap:
 garbage-first heap   total 282624K, used 130536K [0x0000000080000000, 0x0000000100000000)
  region size 1024K, 10 young (10240K), 3 survivors (3072K)
 Metaspace       used 150370K, committed 152704K, reserved 1245184K
  class space    used 20416K, committed 21568K, reserved 1048576K
GC Heap History (20 events):
Event: 34.531 GC heap before
{Heap before GC invocations=47 (full 0):
 garbage-first heap   total 242688K, used 213448K [0x0000000080000000, 0x0000000100000000)
  region size 1024K, 86 young (88064K), 3 survivors (3072K)
 Metaspace       used 127653K, committed 129792K, reserved 1179648K
  class space    used 17311K, committed 18368K, reserved 1048576K
}
Event: 34.541 GC heap after
{Heap after GC invocations=48 (full 0):
 garbage-first heap   total 242688K, used 127917K [0x0000000080000000, 0x0000000100000000)
  region size 1024K, 6 young (6144K), 6 survivors (6144K)
 Metaspace       used 127653K, committed 129792K, reserved 1179648K
  class space    used 17311K, committed 18368K, reserved 1048576K
}
Event: 37.165 GC heap before
{Heap before GC invocations=48 (full 0):
 garbage-first heap   total 242688K, used 217005K [0x0000000080000000, 0x0000000100000000)
  region size 1024K, 94 young (96256K), 6 survivors (6144K)
 Metaspace       used 139766K, committed 142016K, reserved 1179648K
  class space    used 19125K, committed 20224K, reserved 1048576K
}
Event: 37.180 GC heap after
{Heap after GC invocations=49 (full 0):
 garbage-first heap   total 242688K, used 120513K [0x0000000080000000, 0x0000000100000000)
  region size 1024K, 7 young (7168K), 7 survivors (7168K)
 Metaspace       used 139766K, committed 142016K, reserved 1179648K
  class space    used 19125K, committed 20224K, reserved 1048576K
}
Event: 38.871 GC heap before
{Heap before GC invocations=49 (full 0):
 garbage-first heap   total 242688K, used 167617K [0x0000000080000000, 0x0000000100000000)
  region size 1024K, 55 young (56320K), 7 survivors (7168K)
 Metaspace       used 144887K, committed 147136K, reserved 1179648K
  class space    used 20027K, committed 21120K, reserved 1048576K
}
Event: 38.886 GC heap after
{Heap after GC invocations=50 (full 0):
 garbage-first heap   total 242688K, used 121823K [0x0000000080000000, 0x0000000100000000)
  region size 1024K, 9 young (9216K), 9 survivors (9216K)
 Metaspace       used 144887K, committed 147136K, reserved 1179648K
  class space    used 20027K, committed 21120K, reserved 1048576K
}
Event: 107.019 GC heap before
{Heap before GC invocations=51 (full 0):
 garbage-first heap   total 242688K, used 234463K [0x0000000080000000, 0x0000000100000000)
  region size 1024K, 104 young (106496K), 9 survivors (9216K)
 Metaspace       used 147860K, committed 150208K, reserved 1179648K
  class space    used 20375K, committed 21504K, reserved 1048576K
}
Event: 107.153 GC heap after
{Heap after GC invocations=52 (full 0):
 garbage-first heap   total 250880K, used 127821K [0x0000000080000000, 0x0000000100000000)
  region size 1024K, 13 young (13312K), 13 survivors (13312K)
 Metaspace       used 147860K, committed 150208K, reserved 1179648K
  class space    used 20375K, committed 21504K, reserved 1048576K
}
Event: 112.365 GC heap before
{Heap before GC invocations=52 (full 0):
 garbage-first heap   total 250880K, used 240461K [0x0000000080000000, 0x0000000100000000)
  region size 1024K, 107 young (109568K), 13 survivors (13312K)
 Metaspace       used 148148K, committed 150400K, reserved 1179648K
  class space    used 20378K, committed 21504K, reserved 1048576K
}
Event: 112.434 GC heap after
{Heap after GC invocations=53 (full 0):
 garbage-first heap   total 266240K, used 132964K [0x0000000080000000, 0x0000000100000000)
  region size 1024K, 9 young (9216K), 9 survivors (9216K)
 Metaspace       used 148148K, committed 150400K, reserved 1179648K
  class space    used 20378K, committed 21504K, reserved 1048576K
}
Event: 112.895 GC heap before
{Heap before GC invocations=53 (full 0):
 garbage-first heap   total 266240K, used 150372K [0x0000000080000000, 0x0000000100000000)
  region size 1024K, 28 young (28672K), 9 survivors (9216K)
 Metaspace       used 148207K, committed 150528K, reserved 1179648K
  class space    used 20378K, committed 21504K, reserved 1048576K
}
Event: 112.916 GC heap after
{Heap after GC invocations=54 (full 0):
 garbage-first heap   total 266240K, used 130417K [0x0000000080000000, 0x0000000100000000)
  region size 1024K, 6 young (6144K), 6 survivors (6144K)
 Metaspace       used 148207K, committed 150528K, reserved 1179648K
  class space    used 20378K, committed 21504K, reserved 1048576K
}
Event: 913.297 GC heap before
{Heap before GC invocations=55 (full 0):
 garbage-first heap   total 268288K, used 263537K [0x0000000080000000, 0x0000000100000000)
  region size 1024K, 119 young (121856K), 6 survivors (6144K)
 Metaspace       used 148345K, committed 150656K, reserved 1179648K
  class space    used 20356K, committed 21504K, reserved 1048576K
}
Event: 913.357 GC heap after
{Heap after GC invocations=56 (full 0):
 garbage-first heap   total 278528K, used 137327K [0x0000000080000000, 0x0000000100000000)
  region size 1024K, 13 young (13312K), 13 survivors (13312K)
 Metaspace       used 148345K, committed 150656K, reserved 1179648K
  class space    used 20356K, committed 21504K, reserved 1048576K
}
Event: 1112.485 GC heap before
{Heap before GC invocations=56 (full 0):
 garbage-first heap   total 278528K, used 268399K [0x0000000080000000, 0x0000000100000000)
  region size 1024K, 122 young (124928K), 13 survivors (13312K)
 Metaspace       used 149334K, committed 151616K, reserved 1179648K
  class space    used 20389K, committed 21504K, reserved 1048576K
}
Event: 1112.744 GC heap after
{Heap after GC invocations=57 (full 0):
 garbage-first heap   total 282624K, used 124623K [0x0000000080000000, 0x0000000100000000)
  region size 1024K, 3 young (3072K), 3 survivors (3072K)
 Metaspace       used 149334K, committed 151616K, reserved 1179648K
  class space    used 20389K, committed 21504K, reserved 1048576K
}
Event: 1117.092 GC heap before
{Heap before GC invocations=57 (full 0):
 garbage-first heap   total 282624K, used 191183K [0x0000000080000000, 0x0000000100000000)
  region size 1024K, 70 young (71680K), 3 survivors (3072K)
 Metaspace       used 149618K, committed 151872K, reserved 1179648K
  class space    used 20391K, committed 21504K, reserved 1048576K
}
Event: 1117.122 GC heap after
{Heap after GC invocations=58 (full 0):
 garbage-first heap   total 282624K, used 131024K [0x0000000080000000, 0x0000000100000000)
  region size 1024K, 11 young (11264K), 11 survivors (11264K)
 Metaspace       used 149618K, committed 151872K, reserved 1179648K
  class space    used 20391K, committed 21504K, reserved 1048576K
}
Event: 2198.691 GC heap before
{Heap before GC invocations=59 (full 0):
 garbage-first heap   total 282624K, used 275408K [0x0000000080000000, 0x0000000100000000)
  region size 1024K, 133 young (136192K), 11 survivors (11264K)
 Metaspace       used 150353K, committed 152704K, reserved 1245184K
  class space    used 20416K, committed 21568K, reserved 1048576K
}
Event: 2198.842 GC heap after
{Heap after GC invocations=60 (full 0):
 garbage-first heap   total 282624K, used 124392K [0x0000000080000000, 0x0000000100000000)
  region size 1024K, 3 young (3072K), 3 survivors (3072K)
 Metaspace       used 150353K, committed 152704K, reserved 1245184K
  class space    used 20416K, committed 21568K, reserved 1048576K
}

