# JRE version: OpenJDK Runtime Environment (21.0.3) (build 21.0.3+-12282718-b509.11)
# Java VM: OpenJDK 64-Bit Server VM (21.0.3+-12282718-b509.11, mixed mode, tiered, compressed oops, compressed class ptrs, g1 gc, windows-amd64)
GC Precious Log:
 CardTable entry size: 512
 Card Set container configuration: InlinePtr #cards 5 size 8 Array Of Cards #cards 12 size 40 Howl #buckets 4 coarsen threshold 1843 Howl Bitmap #cards 512 size 80 coarsen threshold 460 Card regions per heap region 1 cards per card region 2048
 CPUs: 8 total, 8 available
 Memory: 7914M
 Large Page Support: Disabled
 NUMA Support: Disabled
 Compressed Oops: Enabled (32-bit)
 Heap Region Size: 1M
 Heap Min Capacity: 8M
 Heap Initial Capacity: 124M
 Heap Max Capacity: 2G
 Pre-touch: Disabled
 Parallel Workers: 8
 Concurrent Workers: 2
 Concurrent Refinement Workers: 8
 Periodic GC: Disabled
Heap:
 garbage-first heap   total 135168K, used 119631K [0x0000000080000000, 0x0000000100000000)
  region size 1024K, 46 young (47104K), 4 survivors (4096K)
 Metaspace       used 70564K, committed 72384K, reserved 1114112K
  class space    used 9765K, committed 10688K, reserved 1048576K
GC Heap History (20 events):
Event: 5.271 GC heap before
{Heap before GC invocations=8 (full 0):
 garbage-first heap   total 78848K, used 67921K [0x0000000080000000, 0x0000000100000000)
  region size 1024K, 30 young (30720K), 5 survivors (5120K)
 Metaspace       used 38186K, committed 39168K, reserved 1114112K
  class space    used 5233K, committed 5696K, reserved 1048576K
}
Event: 5.274 GC heap after
{Heap after GC invocations=9 (full 0):
 garbage-first heap   total 78848K, used 43536K [0x0000000080000000, 0x0000000100000000)
  region size 1024K, 2 young (2048K), 2 survivors (2048K)
 Metaspace       used 38186K, committed 39168K, reserved 1114112K
  class space    used 5233K, committed 5696K, reserved 1048576K
}
Event: 5.639 GC heap before
{Heap before GC invocations=9 (full 0):
 garbage-first heap   total 78848K, used 68112K [0x0000000080000000, 0x0000000100000000)
  region size 1024K, 26 young (26624K), 2 survivors (2048K)
 Metaspace       used 41273K, committed 42432K, reserved 1114112K
  class space    used 5766K, committed 6336K, reserved 1048576K
}
Event: 5.642 GC heap after
{Heap after GC invocations=10 (full 0):
 garbage-first heap   total 78848K, used 44831K [0x0000000080000000, 0x0000000100000000)
  region size 1024K, 3 young (3072K), 3 survivors (3072K)
 Metaspace       used 41273K, committed 42432K, reserved 1114112K
  class space    used 5766K, committed 6336K, reserved 1048576K
}
Event: 6.110 GC heap before
{Heap before GC invocations=10 (full 0):
 garbage-first heap   total 78848K, used 69407K [0x0000000080000000, 0x0000000100000000)
  region size 1024K, 28 young (28672K), 3 survivors (3072K)
 Metaspace       used 46833K, committed 48064K, reserved 1114112K
  class space    used 6452K, committed 7040K, reserved 1048576K
}
Event: 6.115 GC heap after
{Heap after GC invocations=11 (full 0):
 garbage-first heap   total 78848K, used 47448K [0x0000000080000000, 0x0000000100000000)
  region size 1024K, 4 young (4096K), 4 survivors (4096K)
 Metaspace       used 46833K, committed 48064K, reserved 1114112K
  class space    used 6452K, committed 7040K, reserved 1048576K
}
Event: 6.352 GC heap before
{Heap before GC invocations=12 (full 0):
 garbage-first heap   total 83968K, used 67928K [0x0000000080000000, 0x0000000100000000)
  region size 1024K, 25 young (25600K), 4 survivors (4096K)
 Metaspace       used 48911K, committed 50240K, reserved 1114112K
  class space    used 6683K, committed 7360K, reserved 1048576K
}
Event: 6.356 GC heap after
{Heap after GC invocations=13 (full 0):
 garbage-first heap   total 83968K, used 49948K [0x0000000080000000, 0x0000000100000000)
  region size 1024K, 3 young (3072K), 3 survivors (3072K)
 Metaspace       used 48911K, committed 50240K, reserved 1114112K
  class space    used 6683K, committed 7360K, reserved 1048576K
}
Event: 6.700 GC heap before
{Heap before GC invocations=13 (full 0):
 garbage-first heap   total 83968K, used 78620K [0x0000000080000000, 0x0000000100000000)
  region size 1024K, 27 young (27648K), 3 survivors (3072K)
 Metaspace       used 51187K, committed 52544K, reserved 1114112K
  class space    used 6878K, committed 7552K, reserved 1048576K
}
Event: 6.704 GC heap after
{Heap after GC invocations=14 (full 0):
 garbage-first heap   total 103424K, used 51667K [0x0000000080000000, 0x0000000100000000)
  region size 1024K, 3 young (3072K), 3 survivors (3072K)
 Metaspace       used 51187K, committed 52544K, reserved 1114112K
  class space    used 6878K, committed 7552K, reserved 1048576K
}
Event: 7.216 GC heap before
{Heap before GC invocations=14 (full 0):
 garbage-first heap   total 103424K, used 88531K [0x0000000080000000, 0x0000000100000000)
  region size 1024K, 39 young (39936K), 3 survivors (3072K)
 Metaspace       used 55609K, committed 57088K, reserved 1114112K
  class space    used 7654K, committed 8384K, reserved 1048576K
}
Event: 7.220 GC heap after
{Heap after GC invocations=15 (full 0):
 garbage-first heap   total 103424K, used 53600K [0x0000000080000000, 0x0000000100000000)
  region size 1024K, 5 young (5120K), 5 survivors (5120K)
 Metaspace       used 55609K, committed 57088K, reserved 1114112K
  class space    used 7654K, committed 8384K, reserved 1048576K
}
Event: 7.662 GC heap before
{Heap before GC invocations=16 (full 0):
 garbage-first heap   total 103424K, used 101728K [0x0000000080000000, 0x0000000100000000)
  region size 1024K, 37 young (37888K), 5 survivors (5120K)
 Metaspace       used 57753K, committed 59328K, reserved 1114112K
  class space    used 7796K, committed 8576K, reserved 1048576K
}
Event: 7.670 GC heap after
{Heap after GC invocations=17 (full 0):
 garbage-first heap   total 115712K, used 75030K [0x0000000080000000, 0x0000000100000000)
  region size 1024K, 6 young (6144K), 6 survivors (6144K)
 Metaspace       used 57753K, committed 59328K, reserved 1114112K
  class space    used 7796K, committed 8576K, reserved 1048576K
}
Event: 7.820 GC heap before
{Heap before GC invocations=17 (full 0):
 garbage-first heap   total 115712K, used 101654K [0x0000000080000000, 0x0000000100000000)
  region size 1024K, 32 young (32768K), 6 survivors (6144K)
 Metaspace       used 58633K, committed 60224K, reserved 1114112K
  class space    used 7932K, committed 8704K, reserved 1048576K
}
Event: 7.825 GC heap after
{Heap after GC invocations=18 (full 0):
 garbage-first heap   total 115712K, used 76206K [0x0000000080000000, 0x0000000100000000)
  region size 1024K, 2 young (2048K), 2 survivors (2048K)
 Metaspace       used 58633K, committed 60224K, reserved 1114112K
  class space    used 7932K, committed 8704K, reserved 1048576K
}
Event: 8.196 GC heap before
{Heap before GC invocations=18 (full 0):
 garbage-first heap   total 115712K, used 104878K [0x0000000080000000, 0x0000000100000000)
  region size 1024K, 30 young (30720K), 2 survivors (2048K)
 Metaspace       used 62503K, committed 64128K, reserved 1114112K
  class space    used 8476K, committed 9280K, reserved 1048576K
}
Event: 8.200 GC heap after
{Heap after GC invocations=19 (full 0):
 garbage-first heap   total 115712K, used 76820K [0x0000000080000000, 0x0000000100000000)
  region size 1024K, 3 young (3072K), 3 survivors (3072K)
 Metaspace       used 62503K, committed 64128K, reserved 1114112K
  class space    used 8476K, committed 9280K, reserved 1048576K
}
Event: 8.645 GC heap before
{Heap before GC invocations=20 (full 0):
 garbage-first heap   total 135168K, used 103444K [0x0000000080000000, 0x0000000100000000)
  region size 1024K, 29 young (29696K), 3 survivors (3072K)
 Metaspace       used 66214K, committed 67840K, reserved 1114112K
  class space    used 9051K, committed 9856K, reserved 1048576K
}
Event: 8.650 GC heap after
{Heap after GC invocations=21 (full 0):
 garbage-first heap   total 135168K, used 78671K [0x0000000080000000, 0x0000000100000000)
  region size 1024K, 4 young (4096K), 4 survivors (4096K)
 Metaspace       used 66214K, committed 67840K, reserved 1114112K
  class space    used 9051K, committed 9856K, reserved 1048576K
}

