# JRE version: OpenJDK Runtime Environment (21.0.3) (build 21.0.3+-12282718-b509.11)
# Java VM: OpenJDK 64-Bit Server VM (21.0.3+-12282718-b509.11, mixed mode, tiered, compressed oops, compressed class ptrs, g1 gc, windows-amd64)
GC Precious Log:
 CardTable entry size: 512
 Card Set container configuration: InlinePtr #cards 5 size 8 Array Of Cards #cards 12 size 40 Howl #buckets 4 coarsen threshold 1843 Howl Bitmap #cards 512 size 80 coarsen threshold 460 Card regions per heap region 1 cards per card region 2048
 CPUs: 8 total, 8 available
 Memory: 7914M
 Large Page Support: Disabled
 NUMA Support: Disabled
 Compressed Oops: Enabled (32-bit)
 Heap Region Size: 1M
 Heap Min Capacity: 8M
 Heap Initial Capacity: 124M
 Heap Max Capacity: 2G
 Pre-touch: Disabled
 Parallel Workers: 8
 Concurrent Workers: 2
 Concurrent Refinement Workers: 8
 Periodic GC: Disabled
Heap:
 garbage-first heap   total 464896K, used 399794K [0x0000000080000000, 0x0000000100000000)
  region size 1024K, 194 young (198656K), 5 survivors (5120K)
 Metaspace       used 120614K, committed 122752K, reserved 1179648K
  class space    used 16811K, committed 17856K, reserved 1048576K
GC Heap History (20 events):
Event: 13.761 GC heap before
{Heap before GC invocations=36 (full 0):
 garbage-first heap   total 203776K, used 175731K [0x0000000080000000, 0x0000000100000000)
  region size 1024K, 71 young (72704K), 11 survivors (11264K)
 Metaspace       used 107945K, committed 110080K, reserved 1179648K
  class space    used 15060K, committed 16128K, reserved 1048576K
}
Event: 13.772 GC heap after
{Heap after GC invocations=37 (full 0):
 garbage-first heap   total 203776K, used 122656K [0x0000000080000000, 0x0000000100000000)
  region size 1024K, 9 young (9216K), 9 survivors (9216K)
 Metaspace       used 107945K, committed 110080K, reserved 1179648K
  class space    used 15060K, committed 16128K, reserved 1048576K
}
Event: 14.025 GC heap before
{Heap before GC invocations=38 (full 0):
 garbage-first heap   total 227328K, used 178976K [0x0000000080000000, 0x0000000100000000)
  region size 1024K, 64 young (65536K), 9 survivors (9216K)
 Metaspace       used 108729K, committed 110912K, reserved 1179648K
  class space    used 15187K, committed 16256K, reserved 1048576K
}
Event: 14.042 GC heap after
{Heap after GC invocations=39 (full 0):
 garbage-first heap   total 227328K, used 132888K [0x0000000080000000, 0x0000000100000000)
  region size 1024K, 8 young (8192K), 8 survivors (8192K)
 Metaspace       used 108729K, committed 110912K, reserved 1179648K
  class space    used 15187K, committed 16256K, reserved 1048576K
}
Event: 14.348 GC heap before
{Heap before GC invocations=39 (full 0):
 garbage-first heap   total 227328K, used 199448K [0x0000000080000000, 0x0000000100000000)
  region size 1024K, 73 young (74752K), 8 survivors (8192K)
 Metaspace       used 110080K, committed 112256K, reserved 1179648K
  class space    used 15371K, committed 16448K, reserved 1048576K
}
Event: 14.368 GC heap after
{Heap after GC invocations=40 (full 0):
 garbage-first heap   total 227328K, used 144620K [0x0000000080000000, 0x0000000100000000)
  region size 1024K, 10 young (10240K), 10 survivors (10240K)
 Metaspace       used 110080K, committed 112256K, reserved 1179648K
  class space    used 15371K, committed 16448K, reserved 1048576K
}
Event: 14.506 GC heap before
{Heap before GC invocations=40 (full 0):
 garbage-first heap   total 227328K, used 199916K [0x0000000080000000, 0x0000000100000000)
  region size 1024K, 65 young (66560K), 10 survivors (10240K)
 Metaspace       used 110918K, committed 113024K, reserved 1179648K
  class space    used 15463K, committed 16512K, reserved 1048576K
}
Event: 14.525 GC heap after
{Heap after GC invocations=41 (full 0):
 garbage-first heap   total 410624K, used 156672K [0x0000000080000000, 0x0000000100000000)
  region size 1024K, 9 young (9216K), 9 survivors (9216K)
 Metaspace       used 110918K, committed 113024K, reserved 1179648K
  class space    used 15463K, committed 16512K, reserved 1048576K
}
Event: 15.326 GC heap before
{Heap before GC invocations=42 (full 0):
 garbage-first heap   total 410624K, used 343040K [0x0000000080000000, 0x0000000100000000)
  region size 1024K, 192 young (196608K), 9 survivors (9216K)
 Metaspace       used 114249K, committed 116352K, reserved 1179648K
  class space    used 16031K, committed 17088K, reserved 1048576K
}
Event: 15.368 GC heap after
{Heap after GC invocations=43 (full 0):
 garbage-first heap   total 410624K, used 192000K [0x0000000080000000, 0x0000000100000000)
  region size 1024K, 24 young (24576K), 24 survivors (24576K)
 Metaspace       used 114249K, committed 116352K, reserved 1179648K
  class space    used 16031K, committed 17088K, reserved 1048576K
}
Event: 16.365 GC heap before
{Heap before GC invocations=43 (full 0):
 garbage-first heap   total 410624K, used 326144K [0x0000000080000000, 0x0000000100000000)
  region size 1024K, 156 young (159744K), 24 survivors (24576K)
 Metaspace       used 119295K, committed 121408K, reserved 1179648K
  class space    used 16723K, committed 17792K, reserved 1048576K
}
Event: 16.404 GC heap after
{Heap after GC invocations=44 (full 0):
 garbage-first heap   total 410624K, used 207778K [0x0000000080000000, 0x0000000100000000)
  region size 1024K, 16 young (16384K), 16 survivors (16384K)
 Metaspace       used 119295K, committed 121408K, reserved 1179648K
  class space    used 16723K, committed 17792K, reserved 1048576K
}
Event: 16.987 GC heap before
{Heap before GC invocations=44 (full 0):
 garbage-first heap   total 410624K, used 340898K [0x0000000080000000, 0x0000000100000000)
  region size 1024K, 146 young (149504K), 16 survivors (16384K)
 Metaspace       used 119876K, committed 122048K, reserved 1179648K
  class space    used 16765K, committed 17856K, reserved 1048576K
}
Event: 17.001 GC heap after
{Heap after GC invocations=45 (full 0):
 garbage-first heap   total 410624K, used 209810K [0x0000000080000000, 0x0000000100000000)
  region size 1024K, 4 young (4096K), 4 survivors (4096K)
 Metaspace       used 119876K, committed 122048K, reserved 1179648K
  class space    used 16765K, committed 17856K, reserved 1048576K
}
Event: 17.627 GC heap before
{Heap before GC invocations=45 (full 0):
 garbage-first heap   total 410624K, used 353170K [0x0000000080000000, 0x0000000100000000)
  region size 1024K, 145 young (148480K), 4 survivors (4096K)
 Metaspace       used 120121K, committed 122240K, reserved 1179648K
  class space    used 16781K, committed 17856K, reserved 1048576K
}
Event: 17.633 GC heap after
{Heap after GC invocations=46 (full 0):
 garbage-first heap   total 410624K, used 209831K [0x0000000080000000, 0x0000000100000000)
  region size 1024K, 4 young (4096K), 4 survivors (4096K)
 Metaspace       used 120121K, committed 122240K, reserved 1179648K
  class space    used 16781K, committed 17856K, reserved 1048576K
}
Event: 18.463 GC heap before
{Heap before GC invocations=47 (full 0):
 garbage-first heap   total 464896K, used 364455K [0x0000000080000000, 0x0000000100000000)
  region size 1024K, 155 young (158720K), 4 survivors (4096K)
 Metaspace       used 120428K, committed 122560K, reserved 1179648K
  class space    used 16804K, committed 17856K, reserved 1048576K
}
Event: 18.468 GC heap after
{Heap after GC invocations=48 (full 0):
 garbage-first heap   total 464896K, used 209938K [0x0000000080000000, 0x0000000100000000)
  region size 1024K, 4 young (4096K), 4 survivors (4096K)
 Metaspace       used 120428K, committed 122560K, reserved 1179648K
  class space    used 16804K, committed 17856K, reserved 1048576K
}
Event: 19.097 GC heap before
{Heap before GC invocations=48 (full 0):
 garbage-first heap   total 464896K, used 418834K [0x0000000080000000, 0x0000000100000000)
  region size 1024K, 208 young (212992K), 4 survivors (4096K)
 Metaspace       used 120551K, committed 122688K, reserved 1179648K
  class space    used 16808K, committed 17856K, reserved 1048576K
}
Event: 19.107 GC heap after
{Heap after GC invocations=49 (full 0):
 garbage-first heap   total 464896K, used 207282K [0x0000000080000000, 0x0000000100000000)
  region size 1024K, 5 young (5120K), 5 survivors (5120K)
 Metaspace       used 120551K, committed 122688K, reserved 1179648K
  class space    used 16808K, committed 17856K, reserved 1048576K
}

