# JRE version: OpenJDK Runtime Environment (21.0.3) (build 21.0.3+-12282718-b509.11)
# Java VM: OpenJDK 64-Bit Server VM (21.0.3+-12282718-b509.11, mixed mode, tiered, compressed oops, compressed class ptrs, g1 gc, windows-amd64)
GC Precious Log:
 CardTable entry size: 512
 Card Set container configuration: InlinePtr #cards 5 size 8 Array Of Cards #cards 12 size 40 Howl #buckets 4 coarsen threshold 1843 Howl Bitmap #cards 512 size 80 coarsen threshold 460 Card regions per heap region 1 cards per card region 2048
 CPUs: 8 total, 8 available
 Memory: 7914M
 Large Page Support: Disabled
 NUMA Support: Disabled
 Compressed Oops: Enabled (32-bit)
 Heap Region Size: 1M
 Heap Min Capacity: 8M
 Heap Initial Capacity: 124M
 Heap Max Capacity: 2G
 Pre-touch: Disabled
 Parallel Workers: 8
 Concurrent Workers: 2
 Concurrent Refinement Workers: 8
 Periodic GC: Disabled
Heap:
 garbage-first heap   total 193536K, used 150528K [0x0000000080000000, 0x0000000100000000)
  region size 1024K, 4 young (4096K), 4 survivors (4096K)
 Metaspace       used 62229K, committed 63744K, reserved 1114112K
  class space    used 8538K, committed 9280K, reserved 1048576K
GC Heap History (20 events):
Event: 7.556 GC heap after
{Heap after GC invocations=18 (full 0):
 garbage-first heap   total 95232K, used 56598K [0x0000000080000000, 0x0000000100000000)
  region size 1024K, 2 young (2048K), 2 survivors (2048K)
 Metaspace       used 58542K, committed 59968K, reserved 1114112K
  class space    used 8131K, committed 8832K, reserved 1048576K
}
Event: 7.792 GC heap before
{Heap before GC invocations=18 (full 0):
 garbage-first heap   total 95232K, used 86294K [0x0000000080000000, 0x0000000100000000)
  region size 1024K, 31 young (31744K), 2 survivors (2048K)
 Metaspace       used 58597K, committed 60032K, reserved 1114112K
  class space    used 8133K, committed 8832K, reserved 1048576K
}
Event: 7.796 GC heap after
{Heap after GC invocations=19 (full 0):
 garbage-first heap   total 95232K, used 57886K [0x0000000080000000, 0x0000000100000000)
  region size 1024K, 3 young (3072K), 3 survivors (3072K)
 Metaspace       used 58597K, committed 60032K, reserved 1114112K
  class space    used 8133K, committed 8832K, reserved 1048576K
}
Event: 7.945 GC heap before
{Heap before GC invocations=20 (full 0):
 garbage-first heap   total 107520K, used 85534K [0x0000000080000000, 0x0000000100000000)
  region size 1024K, 30 young (30720K), 3 survivors (3072K)
 Metaspace       used 58608K, committed 60032K, reserved 1114112K
  class space    used 8133K, committed 8832K, reserved 1048576K
}
Event: 7.948 GC heap after
{Heap after GC invocations=21 (full 0):
 garbage-first heap   total 107520K, used 58059K [0x0000000080000000, 0x0000000100000000)
  region size 1024K, 2 young (2048K), 2 survivors (2048K)
 Metaspace       used 58608K, committed 60032K, reserved 1114112K
  class space    used 8133K, committed 8832K, reserved 1048576K
}
Event: 8.095 GC heap before
{Heap before GC invocations=21 (full 0):
 garbage-first heap   total 107520K, used 99019K [0x0000000080000000, 0x0000000100000000)
  region size 1024K, 42 young (43008K), 2 survivors (2048K)
 Metaspace       used 58620K, committed 60032K, reserved 1114112K
  class space    used 8133K, committed 8832K, reserved 1048576K
}
Event: 8.099 GC heap after
{Heap after GC invocations=22 (full 0):
 garbage-first heap   total 107520K, used 59222K [0x0000000080000000, 0x0000000100000000)
  region size 1024K, 3 young (3072K), 3 survivors (3072K)
 Metaspace       used 58620K, committed 60032K, reserved 1114112K
  class space    used 8133K, committed 8832K, reserved 1048576K
}
Event: 8.700 GC heap before
{Heap before GC invocations=22 (full 0):
 garbage-first heap   total 107520K, used 98134K [0x0000000080000000, 0x0000000100000000)
  region size 1024K, 41 young (41984K), 3 survivors (3072K)
 Metaspace       used 61985K, committed 63488K, reserved 1114112K
  class space    used 8535K, committed 9280K, reserved 1048576K
}
Event: 8.711 GC heap after
{Heap after GC invocations=23 (full 0):
 garbage-first heap   total 107520K, used 63706K [0x0000000080000000, 0x0000000100000000)
  region size 1024K, 6 young (6144K), 6 survivors (6144K)
 Metaspace       used 61985K, committed 63488K, reserved 1114112K
  class space    used 8535K, committed 9280K, reserved 1048576K
}
Event: 8.894 GC heap before
{Heap before GC invocations=24 (full 0):
 garbage-first heap   total 121856K, used 92378K [0x0000000080000000, 0x0000000100000000)
  region size 1024K, 35 young (35840K), 6 survivors (6144K)
 Metaspace       used 62001K, committed 63488K, reserved 1114112K
  class space    used 8535K, committed 9280K, reserved 1048576K
}
Event: 8.913 GC heap after
{Heap after GC invocations=25 (full 0):
 garbage-first heap   total 147456K, used 76800K [0x0000000080000000, 0x0000000100000000)
  region size 1024K, 5 young (5120K), 5 survivors (5120K)
 Metaspace       used 62001K, committed 63488K, reserved 1114112K
  class space    used 8535K, committed 9280K, reserved 1048576K
}
Event: 9.177 GC heap before
{Heap before GC invocations=25 (full 0):
 garbage-first heap   total 147456K, used 126976K [0x0000000080000000, 0x0000000100000000)
  region size 1024K, 53 young (54272K), 5 survivors (5120K)
 Metaspace       used 62054K, committed 63488K, reserved 1114112K
  class space    used 8540K, committed 9280K, reserved 1048576K
}
Event: 9.209 GC heap after
{Heap after GC invocations=26 (full 0):
 garbage-first heap   total 158720K, used 102432K [0x0000000080000000, 0x0000000100000000)
  region size 1024K, 7 young (7168K), 7 survivors (7168K)
 Metaspace       used 62054K, committed 63488K, reserved 1114112K
  class space    used 8540K, committed 9280K, reserved 1048576K
}
Event: 9.339 GC heap before
{Heap before GC invocations=26 (full 0):
 garbage-first heap   total 158720K, used 132128K [0x0000000080000000, 0x0000000100000000)
  region size 1024K, 36 young (36864K), 7 survivors (7168K)
 Metaspace       used 62168K, committed 63680K, reserved 1114112K
  class space    used 8542K, committed 9280K, reserved 1048576K
}
Event: 9.359 GC heap after
{Heap after GC invocations=27 (full 0):
 garbage-first heap   total 158720K, used 116266K [0x0000000080000000, 0x0000000100000000)
  region size 1024K, 5 young (5120K), 5 survivors (5120K)
 Metaspace       used 62168K, committed 63680K, reserved 1114112K
  class space    used 8542K, committed 9280K, reserved 1048576K
}
Event: 9.618 GC heap before
{Heap before GC invocations=28 (full 0):
 garbage-first heap   total 193536K, used 135722K [0x0000000080000000, 0x0000000100000000)
  region size 1024K, 25 young (25600K), 5 survivors (5120K)
 Metaspace       used 62201K, committed 63680K, reserved 1114112K
  class space    used 8538K, committed 9280K, reserved 1048576K
}
Event: 9.636 GC heap after
{Heap after GC invocations=29 (full 0):
 garbage-first heap   total 193536K, used 129024K [0x0000000080000000, 0x0000000100000000)
  region size 1024K, 4 young (4096K), 4 survivors (4096K)
 Metaspace       used 62201K, committed 63680K, reserved 1114112K
  class space    used 8538K, committed 9280K, reserved 1048576K
}
Event: 9.801 GC heap before
{Heap before GC invocations=29 (full 0):
 garbage-first heap   total 193536K, used 157696K [0x0000000080000000, 0x0000000100000000)
  region size 1024K, 33 young (33792K), 4 survivors (4096K)
 Metaspace       used 62229K, committed 63744K, reserved 1114112K
  class space    used 8538K, committed 9280K, reserved 1048576K
}
Event: 9.823 GC heap after
{Heap after GC invocations=30 (full 0):
 garbage-first heap   total 193536K, used 140608K [0x0000000080000000, 0x0000000100000000)
  region size 1024K, 5 young (5120K), 5 survivors (5120K)
 Metaspace       used 62229K, committed 63744K, reserved 1114112K
  class space    used 8538K, committed 9280K, reserved 1048576K
}
Event: 9.952 GC heap before
{Heap before GC invocations=30 (full 0):
 garbage-first heap   total 193536K, used 162112K [0x0000000080000000, 0x0000000100000000)
  region size 1024K, 27 young (27648K), 5 survivors (5120K)
 Metaspace       used 62229K, committed 63744K, reserved 1114112K
  class space    used 8538K, committed 9280K, reserved 1048576K
}

