# JRE version: OpenJDK Runtime Environment (21.0.3) (build 21.0.3+-12282718-b509.11)
# Java VM: OpenJDK 64-Bit Server VM (21.0.3+-12282718-b509.11, mixed mode, tiered, compressed oops, compressed class ptrs, g1 gc, windows-amd64)
GC Precious Log:
 CardTable entry size: 512
 Card Set container configuration: InlinePtr #cards 5 size 8 Array Of Cards #cards 12 size 40 Howl #buckets 4 coarsen threshold 1843 Howl Bitmap #cards 512 size 80 coarsen threshold 460 Card regions per heap region 1 cards per card region 2048
 CPUs: 8 total, 8 available
 Memory: 7914M
 Large Page Support: Disabled
 NUMA Support: Disabled
 Compressed Oops: Enabled (32-bit)
 Heap Region Size: 1M
 Heap Min Capacity: 8M
 Heap Initial Capacity: 124M
 Heap Max Capacity: 2G
 Pre-touch: Disabled
 Parallel Workers: 8
 Concurrent Workers: 2
 Concurrent Refinement Workers: 8
 Periodic GC: Disabled
Heap:
 garbage-first heap   total 123904K, used 113908K [0x0000000080000000, 0x0000000100000000)
  region size 1024K, 60 young (61440K), 7 survivors (7168K)
 Metaspace       used 81477K, committed 83264K, reserved 1179648K
  class space    used 11437K, committed 12288K, reserved 1048576K
GC Heap History (20 events):
Event: 3.617 GC heap after
{Heap after GC invocations=10 (full 0):
 garbage-first heap   total 95232K, used 33043K [0x0000000080000000, 0x0000000100000000)
  region size 1024K, 3 young (3072K), 3 survivors (3072K)
 Metaspace       used 46402K, committed 47616K, reserved 1114112K
  class space    used 6258K, committed 6848K, reserved 1048576K
}
Event: 4.226 GC heap before
{Heap before GC invocations=10 (full 0):
 garbage-first heap   total 95232K, used 83219K [0x0000000080000000, 0x0000000100000000)
  region size 1024K, 50 young (51200K), 3 survivors (3072K)
 Metaspace       used 53237K, committed 54656K, reserved 1114112K
  class space    used 7242K, committed 7936K, reserved 1048576K
}
Event: 4.230 GC heap after
{Heap after GC invocations=11 (full 0):
 garbage-first heap   total 95232K, used 35706K [0x0000000080000000, 0x0000000100000000)
  region size 1024K, 6 young (6144K), 6 survivors (6144K)
 Metaspace       used 53237K, committed 54656K, reserved 1114112K
  class space    used 7242K, committed 7936K, reserved 1048576K
}
Event: 4.675 GC heap before
{Heap before GC invocations=11 (full 0):
 garbage-first heap   total 95232K, used 74618K [0x0000000080000000, 0x0000000100000000)
  region size 1024K, 45 young (46080K), 6 survivors (6144K)
 Metaspace       used 59010K, committed 60416K, reserved 1114112K
  class space    used 8059K, committed 8768K, reserved 1048576K
}
Event: 4.679 GC heap after
{Heap after GC invocations=12 (full 0):
 garbage-first heap   total 95232K, used 37645K [0x0000000080000000, 0x0000000100000000)
  region size 1024K, 6 young (6144K), 6 survivors (6144K)
 Metaspace       used 59010K, committed 60416K, reserved 1114112K
  class space    used 8059K, committed 8768K, reserved 1048576K
}
Event: 5.452 GC heap before
{Heap before GC invocations=13 (full 0):
 garbage-first heap   total 95232K, used 81677K [0x0000000080000000, 0x0000000100000000)
  region size 1024K, 49 young (50176K), 6 survivors (6144K)
 Metaspace       used 64359K, committed 65920K, reserved 1114112K
  class space    used 8918K, committed 9728K, reserved 1048576K
}
Event: 5.459 GC heap after
{Heap after GC invocations=14 (full 0):
 garbage-first heap   total 95232K, used 40948K [0x0000000080000000, 0x0000000100000000)
  region size 1024K, 6 young (6144K), 6 survivors (6144K)
 Metaspace       used 64359K, committed 65920K, reserved 1114112K
  class space    used 8918K, committed 9728K, reserved 1048576K
}
Event: 5.920 GC heap before
{Heap before GC invocations=14 (full 0):
 garbage-first heap   total 95232K, used 80884K [0x0000000080000000, 0x0000000100000000)
  region size 1024K, 46 young (47104K), 6 survivors (6144K)
 Metaspace       used 65415K, committed 66944K, reserved 1114112K
  class space    used 9030K, committed 9792K, reserved 1048576K
}
Event: 5.928 GC heap after
{Heap after GC invocations=15 (full 0):
 garbage-first heap   total 95232K, used 45391K [0x0000000080000000, 0x0000000100000000)
  region size 1024K, 6 young (6144K), 6 survivors (6144K)
 Metaspace       used 65415K, committed 66944K, reserved 1114112K
  class space    used 9030K, committed 9792K, reserved 1048576K
}
Event: 6.194 GC heap before
{Heap before GC invocations=15 (full 0):
 garbage-first heap   total 95232K, used 81231K [0x0000000080000000, 0x0000000100000000)
  region size 1024K, 42 young (43008K), 6 survivors (6144K)
 Metaspace       used 65892K, committed 67456K, reserved 1114112K
  class space    used 9058K, committed 9856K, reserved 1048576K
}
Event: 6.203 GC heap after
{Heap after GC invocations=16 (full 0):
 garbage-first heap   total 114688K, used 46589K [0x0000000080000000, 0x0000000100000000)
  region size 1024K, 4 young (4096K), 4 survivors (4096K)
 Metaspace       used 65892K, committed 67456K, reserved 1114112K
  class space    used 9058K, committed 9856K, reserved 1048576K
}
Event: 6.495 GC heap before
{Heap before GC invocations=16 (full 0):
 garbage-first heap   total 114688K, used 99837K [0x0000000080000000, 0x0000000100000000)
  region size 1024K, 57 young (58368K), 4 survivors (4096K)
 Metaspace       used 66038K, committed 67584K, reserved 1114112K
  class space    used 9059K, committed 9856K, reserved 1048576K
}
Event: 6.501 GC heap after
{Heap after GC invocations=17 (full 0):
 garbage-first heap   total 114688K, used 47506K [0x0000000080000000, 0x0000000100000000)
  region size 1024K, 5 young (5120K), 5 survivors (5120K)
 Metaspace       used 66038K, committed 67584K, reserved 1114112K
  class space    used 9059K, committed 9856K, reserved 1048576K
}
Event: 7.099 GC heap before
{Heap before GC invocations=18 (full 0):
 garbage-first heap   total 114688K, used 101778K [0x0000000080000000, 0x0000000100000000)
  region size 1024K, 58 young (59392K), 5 survivors (5120K)
 Metaspace       used 72370K, committed 73984K, reserved 1114112K
  class space    used 10342K, committed 11136K, reserved 1048576K
}
Event: 7.103 GC heap after
{Heap after GC invocations=19 (full 0):
 garbage-first heap   total 114688K, used 49246K [0x0000000080000000, 0x0000000100000000)
  region size 1024K, 7 young (7168K), 7 survivors (7168K)
 Metaspace       used 72370K, committed 73984K, reserved 1114112K
  class space    used 10342K, committed 11136K, reserved 1048576K
}
Event: 7.571 GC heap before
{Heap before GC invocations=19 (full 0):
 garbage-first heap   total 114688K, used 98398K [0x0000000080000000, 0x0000000100000000)
  region size 1024K, 56 young (57344K), 7 survivors (7168K)
 Metaspace       used 80796K, committed 82496K, reserved 1179648K
  class space    used 11379K, committed 12224K, reserved 1048576K
}
Event: 7.576 GC heap after
{Heap after GC invocations=20 (full 0):
 garbage-first heap   total 114688K, used 49762K [0x0000000080000000, 0x0000000100000000)
  region size 1024K, 2 young (2048K), 2 survivors (2048K)
 Metaspace       used 80796K, committed 82496K, reserved 1179648K
  class space    used 11379K, committed 12224K, reserved 1048576K
}
Event: 7.600 GC heap before
{Heap before GC invocations=20 (full 0):
 garbage-first heap   total 114688K, used 50786K [0x0000000080000000, 0x0000000100000000)
  region size 1024K, 4 young (4096K), 2 survivors (2048K)
 Metaspace       used 81157K, committed 82880K, reserved 1179648K
  class space    used 11428K, committed 12288K, reserved 1048576K
}
Event: 7.602 GC heap after
{Heap after GC invocations=21 (full 0):
 garbage-first heap   total 114688K, used 49396K [0x0000000080000000, 0x0000000100000000)
  region size 1024K, 2 young (2048K), 2 survivors (2048K)
 Metaspace       used 81157K, committed 82880K, reserved 1179648K
  class space    used 11428K, committed 12288K, reserved 1048576K
}
Event: 7.894 GC heap before
{Heap before GC invocations=22 (full 0):
 garbage-first heap   total 114688K, used 113908K [0x0000000080000000, 0x0000000100000000)
  region size 1024K, 55 young (56320K), 2 survivors (2048K)
 Metaspace       used 81477K, committed 83264K, reserved 1179648K
  class space    used 11437K, committed 12288K, reserved 1048576K
}

