# JRE version: OpenJDK Runtime Environment (21.0.3) (build 21.0.3+-12282718-b509.11)
# Java VM: OpenJDK 64-Bit Server VM (21.0.3+-12282718-b509.11, mixed mode, tiered, compressed oops, compressed class ptrs, g1 gc, windows-amd64)
GC Precious Log:
 CardTable entry size: 512
 Card Set container configuration: InlinePtr #cards 5 size 8 Array Of Cards #cards 12 size 40 Howl #buckets 4 coarsen threshold 1843 Howl Bitmap #cards 512 size 80 coarsen threshold 460 Card regions per heap region 1 cards per card region 2048
 CPUs: 8 total, 8 available
 Memory: 7914M
 Large Page Support: Disabled
 NUMA Support: Disabled
 Compressed Oops: Enabled (32-bit)
 Heap Region Size: 1M
 Heap Min Capacity: 8M
 Heap Initial Capacity: 124M
 Heap Max Capacity: 2G
 Pre-touch: Disabled
 Parallel Workers: 8
 Concurrent Workers: 2
 Concurrent Refinement Workers: 8
 Periodic GC: Disabled
Heap:
 garbage-first heap   total 143360K, used 85330K [0x0000000080000000, 0x0000000100000000)
  region size 1024K, 4 young (4096K), 4 survivors (4096K)
 Metaspace       used 72323K, committed 74176K, reserved 1114112K
  class space    used 9940K, committed 10880K, reserved 1048576K
GC Heap History (20 events):
Event: 4.401 GC heap after
{Heap after GC invocations=10 (full 0):
 garbage-first heap   total 103424K, used 46089K [0x0000000080000000, 0x0000000100000000)
  region size 1024K, 6 young (6144K), 6 survivors (6144K)
 Metaspace       used 44124K, committed 45440K, reserved 1114112K
  class space    used 6208K, committed 6848K, reserved 1048576K
}
Event: 4.713 GC heap before
{Heap before GC invocations=10 (full 0):
 garbage-first heap   total 103424K, used 83977K [0x0000000080000000, 0x0000000100000000)
  region size 1024K, 44 young (45056K), 6 survivors (6144K)
 Metaspace       used 48974K, committed 50240K, reserved 1114112K
  class space    used 6678K, committed 7360K, reserved 1048576K
}
Event: 4.720 GC heap after
{Heap after GC invocations=11 (full 0):
 garbage-first heap   total 103424K, used 49829K [0x0000000080000000, 0x0000000100000000)
  region size 1024K, 6 young (6144K), 6 survivors (6144K)
 Metaspace       used 48974K, committed 50240K, reserved 1114112K
  class space    used 6678K, committed 7360K, reserved 1048576K
}
Event: 4.808 GC heap before
{Heap before GC invocations=11 (full 0):
 garbage-first heap   total 103424K, used 59045K [0x0000000080000000, 0x0000000100000000)
  region size 1024K, 14 young (14336K), 6 survivors (6144K)
 Metaspace       used 49457K, committed 50752K, reserved 1114112K
  class space    used 6728K, committed 7360K, reserved 1048576K
}
Event: 4.812 GC heap after
{Heap after GC invocations=12 (full 0):
 garbage-first heap   total 103424K, used 53174K [0x0000000080000000, 0x0000000100000000)
  region size 1024K, 2 young (2048K), 2 survivors (2048K)
 Metaspace       used 49457K, committed 50752K, reserved 1114112K
  class space    used 6728K, committed 7360K, reserved 1048576K
}
Event: 5.259 GC heap before
{Heap before GC invocations=13 (full 0):
 garbage-first heap   total 103424K, used 91062K [0x0000000080000000, 0x0000000100000000)
  region size 1024K, 37 young (37888K), 2 survivors (2048K)
 Metaspace       used 54441K, committed 55936K, reserved 1114112K
  class space    used 7433K, committed 8192K, reserved 1048576K
}
Event: 5.262 GC heap after
{Heap after GC invocations=14 (full 0):
 garbage-first heap   total 103424K, used 53094K [0x0000000080000000, 0x0000000100000000)
  region size 1024K, 4 young (4096K), 4 survivors (4096K)
 Metaspace       used 54441K, committed 55936K, reserved 1114112K
  class space    used 7433K, committed 8192K, reserved 1048576K
}
Event: 5.712 GC heap before
{Heap before GC invocations=14 (full 0):
 garbage-first heap   total 109568K, used 103270K [0x0000000080000000, 0x0000000100000000)
  region size 1024K, 40 young (40960K), 4 survivors (4096K)
 Metaspace       used 56471K, committed 58048K, reserved 1114112K
  class space    used 7750K, committed 8512K, reserved 1048576K
}
Event: 5.719 GC heap after
{Heap after GC invocations=15 (full 0):
 garbage-first heap   total 116736K, used 74030K [0x0000000080000000, 0x0000000100000000)
  region size 1024K, 5 young (5120K), 5 survivors (5120K)
 Metaspace       used 56471K, committed 58048K, reserved 1114112K
  class space    used 7750K, committed 8512K, reserved 1048576K
}
Event: 5.730 GC heap before
{Heap before GC invocations=15 (full 0):
 garbage-first heap   total 116736K, used 75054K [0x0000000080000000, 0x0000000100000000)
  region size 1024K, 8 young (8192K), 5 survivors (5120K)
 Metaspace       used 56675K, committed 58240K, reserved 1114112K
  class space    used 7758K, committed 8512K, reserved 1048576K
}
Event: 5.733 GC heap after
{Heap after GC invocations=16 (full 0):
 garbage-first heap   total 116736K, used 75364K [0x0000000080000000, 0x0000000100000000)
  region size 1024K, 1 young (1024K), 1 survivors (1024K)
 Metaspace       used 56675K, committed 58240K, reserved 1114112K
  class space    used 7758K, committed 8512K, reserved 1048576K
}
Event: 5.888 GC heap before
{Heap before GC invocations=17 (full 0):
 garbage-first heap   total 133120K, used 107108K [0x0000000080000000, 0x0000000100000000)
  region size 1024K, 30 young (30720K), 1 survivors (1024K)
 Metaspace       used 58499K, committed 60096K, reserved 1114112K
  class space    used 7912K, committed 8704K, reserved 1048576K
}
Event: 5.890 GC heap after
{Heap after GC invocations=18 (full 0):
 garbage-first heap   total 133120K, used 75496K [0x0000000080000000, 0x0000000100000000)
  region size 1024K, 2 young (2048K), 2 survivors (2048K)
 Metaspace       used 58499K, committed 60096K, reserved 1114112K
  class space    used 7912K, committed 8704K, reserved 1048576K
}
Event: 6.387 GC heap before
{Heap before GC invocations=18 (full 0):
 garbage-first heap   total 133120K, used 119528K [0x0000000080000000, 0x0000000100000000)
  region size 1024K, 45 young (46080K), 2 survivors (2048K)
 Metaspace       used 64320K, committed 65856K, reserved 1114112K
  class space    used 8767K, committed 9536K, reserved 1048576K
}
Event: 6.391 GC heap after
{Heap after GC invocations=19 (full 0):
 garbage-first heap   total 133120K, used 76685K [0x0000000080000000, 0x0000000100000000)
  region size 1024K, 3 young (3072K), 3 survivors (3072K)
 Metaspace       used 64320K, committed 65856K, reserved 1114112K
  class space    used 8767K, committed 9536K, reserved 1048576K
}
Event: 6.913 GC heap before
{Heap before GC invocations=19 (full 0):
 garbage-first heap   total 133120K, used 120717K [0x0000000080000000, 0x0000000100000000)
  region size 1024K, 46 young (47104K), 3 survivors (3072K)
 Metaspace       used 69613K, committed 71360K, reserved 1114112K
  class space    used 9618K, committed 10496K, reserved 1048576K
}
Event: 6.918 GC heap after
{Heap after GC invocations=20 (full 0):
 garbage-first heap   total 133120K, used 79525K [0x0000000080000000, 0x0000000100000000)
  region size 1024K, 6 young (6144K), 6 survivors (6144K)
 Metaspace       used 69613K, committed 71360K, reserved 1114112K
  class space    used 9618K, committed 10496K, reserved 1048576K
}
Event: 7.560 GC heap before
{Heap before GC invocations=21 (full 0):
 garbage-first heap   total 140288K, used 116389K [0x0000000080000000, 0x0000000100000000)
  region size 1024K, 43 young (44032K), 6 survivors (6144K)
 Metaspace       used 72045K, committed 73856K, reserved 1114112K
  class space    used 9940K, committed 10880K, reserved 1048576K
}
Event: 7.568 GC heap after
{Heap after GC invocations=22 (full 0):
 garbage-first heap   total 140288K, used 83673K [0x0000000080000000, 0x0000000100000000)
  region size 1024K, 6 young (6144K), 6 survivors (6144K)
 Metaspace       used 72045K, committed 73856K, reserved 1114112K
  class space    used 9940K, committed 10880K, reserved 1048576K
}
Event: 7.792 GC heap before
{Heap before GC invocations=22 (full 0):
 garbage-first heap   total 140288K, used 124633K [0x0000000080000000, 0x0000000100000000)
  region size 1024K, 47 young (48128K), 6 survivors (6144K)
 Metaspace       used 72323K, committed 74176K, reserved 1114112K
  class space    used 9940K, committed 10880K, reserved 1048576K
}

